This file contains any messages produced by compilers while
running configure, to aid debugging if configure makes a mistake.

It was created by neon configure 0.30.1, which was
generated by GNU Autoconf 2.69.  Invocation command line was

  $ ./configure --with-libxml2 --with-ssl --without-pakchois --without-gssapi --without-libproxy --with-libs=/usr/local/ssl --enable-debug

## --------- ##
## Platform. ##
## --------- ##

hostname = localhost.localdomain
uname -m = x86_64
uname -r = 4.1.5-200.fc22.x86_64
uname -s = Linux
uname -v = #1 SMP Mon Aug 10 23:38:23 UTC 2015

/usr/bin/uname -p = x86_64
/bin/uname -X     = unknown

/bin/arch              = x86_64
/usr/bin/arch -k       = unknown
/usr/convex/getsysinfo = unknown
/usr/bin/hostinfo      = unknown
/bin/machine           = unknown
/usr/bin/oslevel       = unknown
/bin/universe          = unknown

PATH: /usr/lib64/qt-3.3/bin
PATH: /usr/local/bin
PATH: /usr/local/sbin
PATH: /usr/bin
PATH: /usr/sbin
PATH: /bin
PATH: /sbin
PATH: /home/ivan/.local/bin
PATH: /home/ivan/bin


## ----------- ##
## Core tests. ##
## ----------- ##

configure:2676: checking for a BSD-compatible install
configure:2744: result: /usr/bin/install -c
configure:2867: checking for gcc
configure:2883: found /usr/bin/gcc
configure:2894: result: gcc
configure:3123: checking for C compiler version
configure:3132: gcc --version >&5
gcc (GCC) 5.1.1 20150618 (Red Hat 5.1.1-4)
Copyright (C) 2015 Free Software Foundation, Inc.
This is free software; see the source for copying conditions.  There is NO
warranty; not even for MERCHANTABILITY or FITNESS FOR A PARTICULAR PURPOSE.

configure:3143: $? = 0
configure:3132: gcc -v >&5
Using built-in specs.
COLLECT_GCC=gcc
COLLECT_LTO_WRAPPER=/usr/libexec/gcc/x86_64-redhat-linux/5.1.1/lto-wrapper
Target: x86_64-redhat-linux
Configured with: ../configure --enable-bootstrap --enable-languages=c,c++,objc,obj-c++,fortran,ada,go,lto --prefix=/usr --mandir=/usr/share/man --infodir=/usr/share/info --with-bugurl=http://bugzilla.redhat.com/bugzilla --enable-shared --enable-threads=posix --enable-checking=release --enable-multilib --with-system-zlib --enable-__cxa_atexit --disable-libunwind-exceptions --enable-gnu-unique-object --enable-linker-build-id --with-linker-hash-style=gnu --enable-plugin --enable-initfini-array --disable-libgcj --with-default-libstdcxx-abi=c++98 --with-isl --enable-libmpx --enable-gnu-indirect-function --with-tune=generic --with-arch_32=i686 --build=x86_64-redhat-linux
Thread model: posix
gcc version 5.1.1 20150618 (Red Hat 5.1.1-4) (GCC) 
configure:3143: $? = 0
configure:3132: gcc -V >&5
gcc: error: unrecognized command line option '-V'
gcc: fatal error: no input files
compilation terminated.
configure:3143: $? = 1
configure:3132: gcc -qversion >&5
gcc: error: unrecognized command line option '-qversion'
gcc: fatal error: no input files
compilation terminated.
configure:3143: $? = 1
configure:3163: checking whether the C compiler works
configure:3185: gcc   -I/usr/local/ssl/include   -L/usr/local/ssl/lib  conftest.c  >&5
configure:3189: $? = 0
configure:3237: result: yes
configure:3240: checking for C compiler default output file name
configure:3242: result: a.out
configure:3248: checking for suffix of executables
configure:3255: gcc -o conftest   -I/usr/local/ssl/include   -L/usr/local/ssl/lib  conftest.c  >&5
configure:3259: $? = 0
configure:3281: result: 
configure:3303: checking whether we are cross compiling
configure:3311: gcc -o conftest   -I/usr/local/ssl/include   -L/usr/local/ssl/lib  conftest.c  >&5
configure:3315: $? = 0
configure:3322: ./conftest
configure:3326: $? = 0
configure:3341: result: no
configure:3346: checking for suffix of object files
configure:3368: gcc -c   -I/usr/local/ssl/include  conftest.c >&5
configure:3372: $? = 0
configure:3393: result: o
configure:3397: checking whether we are using the GNU C compiler
configure:3416: gcc -c   -I/usr/local/ssl/include  conftest.c >&5
configure:3416: $? = 0
configure:3425: result: yes
configure:3434: checking whether gcc accepts -g
configure:3454: gcc -c -g  -I/usr/local/ssl/include  conftest.c >&5
configure:3454: $? = 0
configure:3495: result: yes
configure:3512: checking for gcc option to accept ISO C89
configure:3575: gcc  -c -g -O2  -I/usr/local/ssl/include  conftest.c >&5
configure:3575: $? = 0
configure:3588: result: none needed
configure:3614: checking how to run the C preprocessor
configure:3645: gcc -E  -I/usr/local/ssl/include  conftest.c
configure:3645: $? = 0
configure:3659: gcc -E  -I/usr/local/ssl/include  conftest.c
conftest.c:15:28: fatal error: ac_nonexistent.h: No such file or directory
compilation terminated.
configure:3659: $? = 1
configure: failed program was:
| /* confdefs.h */
| #define PACKAGE_NAME "neon"
| #define PACKAGE_TARNAME "neon"
| #define PACKAGE_VERSION "0.30.1"
| #define PACKAGE_STRING "neon 0.30.1"
| #define PACKAGE_BUGREPORT "neon@lists.manyfish.co.uk"
| #define PACKAGE_URL ""
| #define _GNU_SOURCE 1
| #define NEON_IS_LIBRARY 1
| #define NEON_VERSION "0.30.1"
| #define NE_VERSION_MAJOR (0)
| #define NE_VERSION_MINOR (30)
| #define NE_VERSION_PATCH (1)
| /* end confdefs.h.  */
| #include <ac_nonexistent.h>
configure:3684: result: gcc -E
configure:3704: gcc -E  -I/usr/local/ssl/include  conftest.c
configure:3704: $? = 0
configure:3718: gcc -E  -I/usr/local/ssl/include  conftest.c
conftest.c:15:28: fatal error: ac_nonexistent.h: No such file or directory
compilation terminated.
configure:3718: $? = 1
configure: failed program was:
| /* confdefs.h */
| #define PACKAGE_NAME "neon"
| #define PACKAGE_TARNAME "neon"
| #define PACKAGE_VERSION "0.30.1"
| #define PACKAGE_STRING "neon 0.30.1"
| #define PACKAGE_BUGREPORT "neon@lists.manyfish.co.uk"
| #define PACKAGE_URL ""
| #define _GNU_SOURCE 1
| #define NEON_IS_LIBRARY 1
| #define NEON_VERSION "0.30.1"
| #define NE_VERSION_MAJOR (0)
| #define NE_VERSION_MINOR (30)
| #define NE_VERSION_PATCH (1)
| /* end confdefs.h.  */
| #include <ac_nonexistent.h>
configure:3747: checking for grep that handles long lines and -e
configure:3805: result: /usr/bin/grep
configure:3810: checking for egrep
configure:3872: result: /usr/bin/grep -E
configure:3877: checking for ANSI C header files
configure:3897: gcc -c -g -O2  -I/usr/local/ssl/include  conftest.c >&5
configure:3897: $? = 0
configure:3970: gcc -o conftest -g -O2  -I/usr/local/ssl/include   -L/usr/local/ssl/lib  conftest.c  >&5
configure:3970: $? = 0
configure:3970: ./conftest
configure:3970: $? = 0
configure:3981: result: yes
configure:3994: checking for sys/types.h
configure:3994: gcc -c -g -O2  -I/usr/local/ssl/include  conftest.c >&5
configure:3994: $? = 0
configure:3994: result: yes
configure:3994: checking for sys/stat.h
configure:3994: gcc -c -g -O2  -I/usr/local/ssl/include  conftest.c >&5
configure:3994: $? = 0
configure:3994: result: yes
configure:3994: checking for stdlib.h
configure:3994: gcc -c -g -O2  -I/usr/local/ssl/include  conftest.c >&5
configure:3994: $? = 0
configure:3994: result: yes
configure:3994: checking for string.h
configure:3994: gcc -c -g -O2  -I/usr/local/ssl/include  conftest.c >&5
configure:3994: $? = 0
configure:3994: result: yes
configure:3994: checking for memory.h
configure:3994: gcc -c -g -O2  -I/usr/local/ssl/include  conftest.c >&5
configure:3994: $? = 0
configure:3994: result: yes
configure:3994: checking for strings.h
configure:3994: gcc -c -g -O2  -I/usr/local/ssl/include  conftest.c >&5
configure:3994: $? = 0
configure:3994: result: yes
configure:3994: checking for inttypes.h
configure:3994: gcc -c -g -O2  -I/usr/local/ssl/include  conftest.c >&5
configure:3994: $? = 0
configure:3994: result: yes
configure:3994: checking for stdint.h
configure:3994: gcc -c -g -O2  -I/usr/local/ssl/include  conftest.c >&5
configure:3994: $? = 0
configure:3994: result: yes
configure:3994: checking for unistd.h
configure:3994: gcc -c -g -O2  -I/usr/local/ssl/include  conftest.c >&5
configure:3994: $? = 0
configure:3994: result: yes
configure:4007: checking minix/config.h usability
configure:4007: gcc -c -g -O2  -I/usr/local/ssl/include  conftest.c >&5
conftest.c:58:26: fatal error: minix/config.h: No such file or directory
compilation terminated.
configure:4007: $? = 1
configure: failed program was:
| /* confdefs.h */
| #define PACKAGE_NAME "neon"
| #define PACKAGE_TARNAME "neon"
| #define PACKAGE_VERSION "0.30.1"
| #define PACKAGE_STRING "neon 0.30.1"
| #define PACKAGE_BUGREPORT "neon@lists.manyfish.co.uk"
| #define PACKAGE_URL ""
| #define _GNU_SOURCE 1
| #define NEON_IS_LIBRARY 1
| #define NEON_VERSION "0.30.1"
| #define NE_VERSION_MAJOR (0)
| #define NE_VERSION_MINOR (30)
| #define NE_VERSION_PATCH (1)
| #define STDC_HEADERS 1
| #define HAVE_SYS_TYPES_H 1
| #define HAVE_SYS_STAT_H 1
| #define HAVE_STDLIB_H 1
| #define HAVE_STRING_H 1
| #define HAVE_MEMORY_H 1
| #define HAVE_STRINGS_H 1
| #define HAVE_INTTYPES_H 1
| #define HAVE_STDINT_H 1
| #define HAVE_UNISTD_H 1
| /* end confdefs.h.  */
| #include <stdio.h>
| #ifdef HAVE_SYS_TYPES_H
| # include <sys/types.h>
| #endif
| #ifdef HAVE_SYS_STAT_H
| # include <sys/stat.h>
| #endif
| #ifdef STDC_HEADERS
| # include <stdlib.h>
| # include <stddef.h>
| #else
| # ifdef HAVE_STDLIB_H
| #  include <stdlib.h>
| # endif
| #endif
| #ifdef HAVE_STRING_H
| # if !defined STDC_HEADERS && defined HAVE_MEMORY_H
| #  include <memory.h>
| # endif
| # include <string.h>
| #endif
| #ifdef HAVE_STRINGS_H
| # include <strings.h>
| #endif
| #ifdef HAVE_INTTYPES_H
| # include <inttypes.h>
| #endif
| #ifdef HAVE_STDINT_H
| # include <stdint.h>
| #endif
| #ifdef HAVE_UNISTD_H
| # include <unistd.h>
| #endif
| #include <minix/config.h>
configure:4007: result: no
configure:4007: checking minix/config.h presence
configure:4007: gcc -E  -I/usr/local/ssl/include  conftest.c
conftest.c:25:26: fatal error: minix/config.h: No such file or directory
compilation terminated.
configure:4007: $? = 1
configure: failed program was:
| /* confdefs.h */
| #define PACKAGE_NAME "neon"
| #define PACKAGE_TARNAME "neon"
| #define PACKAGE_VERSION "0.30.1"
| #define PACKAGE_STRING "neon 0.30.1"
| #define PACKAGE_BUGREPORT "neon@lists.manyfish.co.uk"
| #define PACKAGE_URL ""
| #define _GNU_SOURCE 1
| #define NEON_IS_LIBRARY 1
| #define NEON_VERSION "0.30.1"
| #define NE_VERSION_MAJOR (0)
| #define NE_VERSION_MINOR (30)
| #define NE_VERSION_PATCH (1)
| #define STDC_HEADERS 1
| #define HAVE_SYS_TYPES_H 1
| #define HAVE_SYS_STAT_H 1
| #define HAVE_STDLIB_H 1
| #define HAVE_STRING_H 1
| #define HAVE_MEMORY_H 1
| #define HAVE_STRINGS_H 1
| #define HAVE_INTTYPES_H 1
| #define HAVE_STDINT_H 1
| #define HAVE_UNISTD_H 1
| /* end confdefs.h.  */
| #include <minix/config.h>
configure:4007: result: no
configure:4007: checking for minix/config.h
configure:4007: result: no
configure:4028: checking whether it is safe to define __EXTENSIONS__
configure:4046: gcc -c -g -O2  -I/usr/local/ssl/include  conftest.c >&5
configure:4046: $? = 0
configure:4053: result: yes
configure:4067: checking for inline
configure:4083: gcc -c -g -O2  -I/usr/local/ssl/include  conftest.c >&5
configure:4083: $? = 0
configure:4091: result: inline
configure:4109: checking for an ANSI C-conforming const
configure:4175: gcc -c -g -O2  -I/usr/local/ssl/include  conftest.c >&5
configure:4175: $? = 0
configure:4182: result: yes
configure:4190: checking for size_t
configure:4190: gcc -c -g -O2  -I/usr/local/ssl/include  conftest.c >&5
configure:4190: $? = 0
configure:4190: gcc -c -g -O2  -I/usr/local/ssl/include  conftest.c >&5
conftest.c: In function 'main':
conftest.c:66:21: error: expected expression before ')' token
 if (sizeof ((size_t)))
                     ^
configure:4190: $? = 1
configure: failed program was:
| /* confdefs.h */
| #define PACKAGE_NAME "neon"
| #define PACKAGE_TARNAME "neon"
| #define PACKAGE_VERSION "0.30.1"
| #define PACKAGE_STRING "neon 0.30.1"
| #define PACKAGE_BUGREPORT "neon@lists.manyfish.co.uk"
| #define PACKAGE_URL ""
| #define _GNU_SOURCE 1
| #define NEON_IS_LIBRARY 1
| #define NEON_VERSION "0.30.1"
| #define NE_VERSION_MAJOR (0)
| #define NE_VERSION_MINOR (30)
| #define NE_VERSION_PATCH (1)
| #define STDC_HEADERS 1
| #define HAVE_SYS_TYPES_H 1
| #define HAVE_SYS_STAT_H 1
| #define HAVE_STDLIB_H 1
| #define HAVE_STRING_H 1
| #define HAVE_MEMORY_H 1
| #define HAVE_STRINGS_H 1
| #define HAVE_INTTYPES_H 1
| #define HAVE_STDINT_H 1
| #define HAVE_UNISTD_H 1
| #define __EXTENSIONS__ 1
| #define _ALL_SOURCE 1
| #define _GNU_SOURCE 1
| #define _POSIX_PTHREAD_SEMANTICS 1
| #define _TANDEM_SOURCE 1
| /* end confdefs.h.  */
| #include <stdio.h>
| #ifdef HAVE_SYS_TYPES_H
| # include <sys/types.h>
| #endif
| #ifdef HAVE_SYS_STAT_H
| # include <sys/stat.h>
| #endif
| #ifdef STDC_HEADERS
| # include <stdlib.h>
| # include <stddef.h>
| #else
| # ifdef HAVE_STDLIB_H
| #  include <stdlib.h>
| # endif
| #endif
| #ifdef HAVE_STRING_H
| # if !defined STDC_HEADERS && defined HAVE_MEMORY_H
| #  include <memory.h>
| # endif
| # include <string.h>
| #endif
| #ifdef HAVE_STRINGS_H
| # include <strings.h>
| #endif
| #ifdef HAVE_INTTYPES_H
| # include <inttypes.h>
| #endif
| #ifdef HAVE_STDINT_H
| # include <stdint.h>
| #endif
| #ifdef HAVE_UNISTD_H
| # include <unistd.h>
| #endif
| int
| main ()
| {
| if (sizeof ((size_t)))
| 	    return 0;
|   ;
|   return 0;
| }
configure:4190: result: yes
configure:4201: checking for off_t
configure:4201: gcc -c -g -O2  -I/usr/local/ssl/include  conftest.c >&5
configure:4201: $? = 0
configure:4201: gcc -c -g -O2  -I/usr/local/ssl/include  conftest.c >&5
conftest.c: In function 'main':
conftest.c:66:20: error: expected expression before ')' token
 if (sizeof ((off_t)))
                    ^
configure:4201: $? = 1
configure: failed program was:
| /* confdefs.h */
| #define PACKAGE_NAME "neon"
| #define PACKAGE_TARNAME "neon"
| #define PACKAGE_VERSION "0.30.1"
| #define PACKAGE_STRING "neon 0.30.1"
| #define PACKAGE_BUGREPORT "neon@lists.manyfish.co.uk"
| #define PACKAGE_URL ""
| #define _GNU_SOURCE 1
| #define NEON_IS_LIBRARY 1
| #define NEON_VERSION "0.30.1"
| #define NE_VERSION_MAJOR (0)
| #define NE_VERSION_MINOR (30)
| #define NE_VERSION_PATCH (1)
| #define STDC_HEADERS 1
| #define HAVE_SYS_TYPES_H 1
| #define HAVE_SYS_STAT_H 1
| #define HAVE_STDLIB_H 1
| #define HAVE_STRING_H 1
| #define HAVE_MEMORY_H 1
| #define HAVE_STRINGS_H 1
| #define HAVE_INTTYPES_H 1
| #define HAVE_STDINT_H 1
| #define HAVE_UNISTD_H 1
| #define __EXTENSIONS__ 1
| #define _ALL_SOURCE 1
| #define _GNU_SOURCE 1
| #define _POSIX_PTHREAD_SEMANTICS 1
| #define _TANDEM_SOURCE 1
| /* end confdefs.h.  */
| #include <stdio.h>
| #ifdef HAVE_SYS_TYPES_H
| # include <sys/types.h>
| #endif
| #ifdef HAVE_SYS_STAT_H
| # include <sys/stat.h>
| #endif
| #ifdef STDC_HEADERS
| # include <stdlib.h>
| # include <stddef.h>
| #else
| # ifdef HAVE_STDLIB_H
| #  include <stdlib.h>
| # endif
| #endif
| #ifdef HAVE_STRING_H
| # if !defined STDC_HEADERS && defined HAVE_MEMORY_H
| #  include <memory.h>
| # endif
| # include <string.h>
| #endif
| #ifdef HAVE_STRINGS_H
| # include <strings.h>
| #endif
| #ifdef HAVE_INTTYPES_H
| # include <inttypes.h>
| #endif
| #ifdef HAVE_STDINT_H
| # include <stdint.h>
| #endif
| #ifdef HAVE_UNISTD_H
| # include <unistd.h>
| #endif
| int
| main ()
| {
| if (sizeof ((off_t)))
| 	    return 0;
|   ;
|   return 0;
| }
configure:4201: result: yes
configure:4214: checking for uname
configure:4223: result: Linux
configure:4235: checking whether make sets $(MAKE)
configure:4257: result: yes
configure:4271: checking size of int
configure:4276: gcc -o conftest -g -O2  -I/usr/local/ssl/include   -L/usr/local/ssl/lib  conftest.c  >&5
configure:4276: $? = 0
configure:4276: ./conftest
configure:4276: $? = 0
configure:4290: result: 4
configure:4304: checking size of long
configure:4309: gcc -o conftest -g -O2  -I/usr/local/ssl/include   -L/usr/local/ssl/lib  conftest.c  >&5
configure:4309: $? = 0
configure:4309: ./conftest
configure:4309: $? = 0
configure:4323: result: 8
configure:4337: checking size of long long
configure:4342: gcc -o conftest -g -O2  -I/usr/local/ssl/include   -L/usr/local/ssl/lib  conftest.c  >&5
configure:4342: $? = 0
configure:4342: ./conftest
configure:4342: $? = 0
configure:4356: result: 8
configure:4367: checking for gcc -Wformat -Werror sanity
configure:4388: gcc -c -g -O2  -I/usr/local/ssl/include  -Wformat -Werror conftest.c >&5
configure:4388: $? = 0
configure:4396: result: yes
configure:4424: checking errno.h usability
configure:4424: gcc -c -g -O2  -I/usr/local/ssl/include  conftest.c >&5
configure:4424: $? = 0
configure:4424: result: yes
configure:4424: checking errno.h presence
configure:4424: gcc -E  -I/usr/local/ssl/include  conftest.c
configure:4424: $? = 0
configure:4424: result: yes
configure:4424: checking for errno.h
configure:4424: result: yes
configure:4424: checking stdarg.h usability
configure:4424: gcc -c -g -O2  -I/usr/local/ssl/include  conftest.c >&5
configure:4424: $? = 0
configure:4424: result: yes
configure:4424: checking stdarg.h presence
configure:4424: gcc -E  -I/usr/local/ssl/include  conftest.c
configure:4424: $? = 0
configure:4424: result: yes
configure:4424: checking for stdarg.h
configure:4424: result: yes
configure:4424: checking for string.h
configure:4424: result: yes
configure:4424: checking for stdlib.h
configure:4424: result: yes
configure:4424: checking sys/uio.h usability
configure:4424: gcc -c -g -O2  -I/usr/local/ssl/include  conftest.c >&5
configure:4424: $? = 0
configure:4424: result: yes
configure:4424: checking sys/uio.h presence
configure:4424: gcc -E  -I/usr/local/ssl/include  conftest.c
configure:4424: $? = 0
configure:4424: result: yes
configure:4424: checking for sys/uio.h
configure:4424: result: yes
configure:4443: checking size of size_t
configure:4448: gcc -o conftest -g -O2  -I/usr/local/ssl/include   -L/usr/local/ssl/lib  conftest.c  >&5
configure:4448: $? = 0
configure:4448: ./conftest
configure:4448: $? = 0
configure:4464: result: 8
configure:4479: checking how to print size_t
configure:4504: gcc -c -g -O2  -I/usr/local/ssl/include  -Wformat -Werror conftest.c >&5
conftest.c: In function 'main':
conftest.c:45:22: error: format '%u' expects argument of type 'unsigned int', but argument 2 has type 'size_t {aka long unsigned int}' [-Werror=format=]
 size_t i = 1; printf("%u", i);
                      ^
cc1: all warnings being treated as errors
configure:4504: $? = 1
configure: failed program was:
| /* confdefs.h */
| #define PACKAGE_NAME "neon"
| #define PACKAGE_TARNAME "neon"
| #define PACKAGE_VERSION "0.30.1"
| #define PACKAGE_STRING "neon 0.30.1"
| #define PACKAGE_BUGREPORT "neon@lists.manyfish.co.uk"
| #define PACKAGE_URL ""
| #define _GNU_SOURCE 1
| #define NEON_IS_LIBRARY 1
| #define NEON_VERSION "0.30.1"
| #define NE_VERSION_MAJOR (0)
| #define NE_VERSION_MINOR (30)
| #define NE_VERSION_PATCH (1)
| #define STDC_HEADERS 1
| #define HAVE_SYS_TYPES_H 1
| #define HAVE_SYS_STAT_H 1
| #define HAVE_STDLIB_H 1
| #define HAVE_STRING_H 1
| #define HAVE_MEMORY_H 1
| #define HAVE_STRINGS_H 1
| #define HAVE_INTTYPES_H 1
| #define HAVE_STDINT_H 1
| #define HAVE_UNISTD_H 1
| #define __EXTENSIONS__ 1
| #define _ALL_SOURCE 1
| #define _GNU_SOURCE 1
| #define _POSIX_PTHREAD_SEMANTICS 1
| #define _TANDEM_SOURCE 1
| #define SIZEOF_INT 4
| #define SIZEOF_LONG 8
| #define SIZEOF_LONG_LONG 8
| #define HAVE_ERRNO_H 1
| #define HAVE_STDARG_H 1
| #define HAVE_STRING_H 1
| #define HAVE_STDLIB_H 1
| #define HAVE_SYS_UIO_H 1
| #define SIZEOF_SIZE_T 8
| /* end confdefs.h.  */
| #include <sys/types.h>
| 
| #include <stdio.h>
| int
| main ()
| {
| size_t i = 1; printf("%u", i);
|   ;
|   return 0;
| }
configure:4504: gcc -c -g -O2  -I/usr/local/ssl/include  -Wformat -Werror conftest.c >&5
configure:4504: $? = 0
configure:4521: result: lu
configure:4541: checking size of off_t
configure:4546: gcc -o conftest -g -O2  -I/usr/local/ssl/include   -L/usr/local/ssl/lib  conftest.c  >&5
configure:4546: $? = 0
configure:4546: ./conftest
configure:4546: $? = 0
configure:4562: result: 8
configure:4577: checking how to print off_t
configure:4602: gcc -c -g -O2  -I/usr/local/ssl/include  -Wformat -Werror conftest.c >&5
conftest.c: In function 'main':
conftest.c:47:21: error: format '%d' expects argument of type 'int', but argument 2 has type 'off_t {aka long int}' [-Werror=format=]
 off_t i = 1; printf("%d", i);
                     ^
cc1: all warnings being treated as errors
configure:4602: $? = 1
configure: failed program was:
| /* confdefs.h */
| #define PACKAGE_NAME "neon"
| #define PACKAGE_TARNAME "neon"
| #define PACKAGE_VERSION "0.30.1"
| #define PACKAGE_STRING "neon 0.30.1"
| #define PACKAGE_BUGREPORT "neon@lists.manyfish.co.uk"
| #define PACKAGE_URL ""
| #define _GNU_SOURCE 1
| #define NEON_IS_LIBRARY 1
| #define NEON_VERSION "0.30.1"
| #define NE_VERSION_MAJOR (0)
| #define NE_VERSION_MINOR (30)
| #define NE_VERSION_PATCH (1)
| #define STDC_HEADERS 1
| #define HAVE_SYS_TYPES_H 1
| #define HAVE_SYS_STAT_H 1
| #define HAVE_STDLIB_H 1
| #define HAVE_STRING_H 1
| #define HAVE_MEMORY_H 1
| #define HAVE_STRINGS_H 1
| #define HAVE_INTTYPES_H 1
| #define HAVE_STDINT_H 1
| #define HAVE_UNISTD_H 1
| #define __EXTENSIONS__ 1
| #define _ALL_SOURCE 1
| #define _GNU_SOURCE 1
| #define _POSIX_PTHREAD_SEMANTICS 1
| #define _TANDEM_SOURCE 1
| #define SIZEOF_INT 4
| #define SIZEOF_LONG 8
| #define SIZEOF_LONG_LONG 8
| #define HAVE_ERRNO_H 1
| #define HAVE_STDARG_H 1
| #define HAVE_STRING_H 1
| #define HAVE_STDLIB_H 1
| #define HAVE_SYS_UIO_H 1
| #define SIZEOF_SIZE_T 8
| #define NE_FMT_SIZE_T "lu"
| #define SIZEOF_OFF_T 8
| /* end confdefs.h.  */
| #include <sys/types.h>
| 
| #include <stdio.h>
| int
| main ()
| {
| off_t i = 1; printf("%d", i);
|   ;
|   return 0;
| }
configure:4602: gcc -c -g -O2  -I/usr/local/ssl/include  -Wformat -Werror conftest.c >&5
configure:4602: $? = 0
configure:4619: result: ld
configure:4640: checking size of ssize_t
configure:4645: gcc -o conftest -g -O2  -I/usr/local/ssl/include   -L/usr/local/ssl/lib  conftest.c  >&5
configure:4645: $? = 0
configure:4645: ./conftest
configure:4645: $? = 0
configure:4661: result: 8
configure:4676: checking how to print ssize_t
configure:4701: gcc -c -g -O2  -I/usr/local/ssl/include  -Wformat -Werror conftest.c >&5
conftest.c: In function 'main':
conftest.c:49:23: error: format '%d' expects argument of type 'int', but argument 2 has type 'ssize_t {aka long int}' [-Werror=format=]
 ssize_t i = 1; printf("%d", i);
                       ^
cc1: all warnings being treated as errors
configure:4701: $? = 1
configure: failed program was:
| /* confdefs.h */
| #define PACKAGE_NAME "neon"
| #define PACKAGE_TARNAME "neon"
| #define PACKAGE_VERSION "0.30.1"
| #define PACKAGE_STRING "neon 0.30.1"
| #define PACKAGE_BUGREPORT "neon@lists.manyfish.co.uk"
| #define PACKAGE_URL ""
| #define _GNU_SOURCE 1
| #define NEON_IS_LIBRARY 1
| #define NEON_VERSION "0.30.1"
| #define NE_VERSION_MAJOR (0)
| #define NE_VERSION_MINOR (30)
| #define NE_VERSION_PATCH (1)
| #define STDC_HEADERS 1
| #define HAVE_SYS_TYPES_H 1
| #define HAVE_SYS_STAT_H 1
| #define HAVE_STDLIB_H 1
| #define HAVE_STRING_H 1
| #define HAVE_MEMORY_H 1
| #define HAVE_STRINGS_H 1
| #define HAVE_INTTYPES_H 1
| #define HAVE_STDINT_H 1
| #define HAVE_UNISTD_H 1
| #define __EXTENSIONS__ 1
| #define _ALL_SOURCE 1
| #define _GNU_SOURCE 1
| #define _POSIX_PTHREAD_SEMANTICS 1
| #define _TANDEM_SOURCE 1
| #define SIZEOF_INT 4
| #define SIZEOF_LONG 8
| #define SIZEOF_LONG_LONG 8
| #define HAVE_ERRNO_H 1
| #define HAVE_STDARG_H 1
| #define HAVE_STRING_H 1
| #define HAVE_STDLIB_H 1
| #define HAVE_SYS_UIO_H 1
| #define SIZEOF_SIZE_T 8
| #define NE_FMT_SIZE_T "lu"
| #define SIZEOF_OFF_T 8
| #define NE_FMT_OFF_T "ld"
| #define SIZEOF_SSIZE_T 8
| /* end confdefs.h.  */
| #include <sys/types.h>
| 
| #include <stdio.h>
| int
| main ()
| {
| ssize_t i = 1; printf("%d", i);
|   ;
|   return 0;
| }
configure:4701: gcc -c -g -O2  -I/usr/local/ssl/include  -Wformat -Werror conftest.c >&5
configure:4701: $? = 0
configure:4718: result: ld
configure:4733: checking whether byte ordering is bigendian
configure:4748: gcc -c -g -O2  -I/usr/local/ssl/include  conftest.c >&5
conftest.c:45:9: error: unknown type name 'not'
         not a universal capable compiler
         ^
conftest.c:45:15: error: expected '=', ',', ';', 'asm' or '__attribute__' before 'universal'
         not a universal capable compiler
               ^
conftest.c:45:15: error: unknown type name 'universal'
configure:4748: $? = 1
configure: failed program was:
| /* confdefs.h */
| #define PACKAGE_NAME "neon"
| #define PACKAGE_TARNAME "neon"
| #define PACKAGE_VERSION "0.30.1"
| #define PACKAGE_STRING "neon 0.30.1"
| #define PACKAGE_BUGREPORT "neon@lists.manyfish.co.uk"
| #define PACKAGE_URL ""
| #define _GNU_SOURCE 1
| #define NEON_IS_LIBRARY 1
| #define NEON_VERSION "0.30.1"
| #define NE_VERSION_MAJOR (0)
| #define NE_VERSION_MINOR (30)
| #define NE_VERSION_PATCH (1)
| #define STDC_HEADERS 1
| #define HAVE_SYS_TYPES_H 1
| #define HAVE_SYS_STAT_H 1
| #define HAVE_STDLIB_H 1
| #define HAVE_STRING_H 1
| #define HAVE_MEMORY_H 1
| #define HAVE_STRINGS_H 1
| #define HAVE_INTTYPES_H 1
| #define HAVE_STDINT_H 1
| #define HAVE_UNISTD_H 1
| #define __EXTENSIONS__ 1
| #define _ALL_SOURCE 1
| #define _GNU_SOURCE 1
| #define _POSIX_PTHREAD_SEMANTICS 1
| #define _TANDEM_SOURCE 1
| #define SIZEOF_INT 4
| #define SIZEOF_LONG 8
| #define SIZEOF_LONG_LONG 8
| #define HAVE_ERRNO_H 1
| #define HAVE_STDARG_H 1
| #define HAVE_STRING_H 1
| #define HAVE_STDLIB_H 1
| #define HAVE_SYS_UIO_H 1
| #define SIZEOF_SIZE_T 8
| #define NE_FMT_SIZE_T "lu"
| #define SIZEOF_OFF_T 8
| #define NE_FMT_OFF_T "ld"
| #define SIZEOF_SSIZE_T 8
| #define NE_FMT_SSIZE_T "ld"
| /* end confdefs.h.  */
| #ifndef __APPLE_CC__
| 	       not a universal capable compiler
| 	     #endif
| 	     typedef int dummy;
| 
configure:4793: gcc -c -g -O2  -I/usr/local/ssl/include  conftest.c >&5
configure:4793: $? = 0
configure:4811: gcc -c -g -O2  -I/usr/local/ssl/include  conftest.c >&5
conftest.c: In function 'main':
conftest.c:51:4: error: unknown type name 'not'
    not big endian
    ^
conftest.c:51:12: error: expected '=', ',', ';', 'asm' or '__attribute__' before 'endian'
    not big endian
            ^
configure:4811: $? = 1
configure: failed program was:
| /* confdefs.h */
| #define PACKAGE_NAME "neon"
| #define PACKAGE_TARNAME "neon"
| #define PACKAGE_VERSION "0.30.1"
| #define PACKAGE_STRING "neon 0.30.1"
| #define PACKAGE_BUGREPORT "neon@lists.manyfish.co.uk"
| #define PACKAGE_URL ""
| #define _GNU_SOURCE 1
| #define NEON_IS_LIBRARY 1
| #define NEON_VERSION "0.30.1"
| #define NE_VERSION_MAJOR (0)
| #define NE_VERSION_MINOR (30)
| #define NE_VERSION_PATCH (1)
| #define STDC_HEADERS 1
| #define HAVE_SYS_TYPES_H 1
| #define HAVE_SYS_STAT_H 1
| #define HAVE_STDLIB_H 1
| #define HAVE_STRING_H 1
| #define HAVE_MEMORY_H 1
| #define HAVE_STRINGS_H 1
| #define HAVE_INTTYPES_H 1
| #define HAVE_STDINT_H 1
| #define HAVE_UNISTD_H 1
| #define __EXTENSIONS__ 1
| #define _ALL_SOURCE 1
| #define _GNU_SOURCE 1
| #define _POSIX_PTHREAD_SEMANTICS 1
| #define _TANDEM_SOURCE 1
| #define SIZEOF_INT 4
| #define SIZEOF_LONG 8
| #define SIZEOF_LONG_LONG 8
| #define HAVE_ERRNO_H 1
| #define HAVE_STDARG_H 1
| #define HAVE_STRING_H 1
| #define HAVE_STDLIB_H 1
| #define HAVE_SYS_UIO_H 1
| #define SIZEOF_SIZE_T 8
| #define NE_FMT_SIZE_T "lu"
| #define SIZEOF_OFF_T 8
| #define NE_FMT_OFF_T "ld"
| #define SIZEOF_SSIZE_T 8
| #define NE_FMT_SSIZE_T "ld"
| /* end confdefs.h.  */
| #include <sys/types.h>
| 		#include <sys/param.h>
| 
| int
| main ()
| {
| #if BYTE_ORDER != BIG_ENDIAN
| 		 not big endian
| 		#endif
| 
|   ;
|   return 0;
| }
configure:4939: result: no
configure:4957: checking whether strerror_r is declared
configure:4957: gcc -c -g -O2  -I/usr/local/ssl/include  conftest.c >&5
configure:4957: $? = 0
configure:4957: result: yes
configure:4970: checking for strerror_r
configure:4970: gcc -o conftest -g -O2  -I/usr/local/ssl/include   -L/usr/local/ssl/lib  conftest.c  >&5
configure:4970: $? = 0
configure:4970: result: yes
configure:4979: checking whether strerror_r returns char *
configure:5003: gcc -c -g -O2  -I/usr/local/ssl/include  conftest.c >&5
configure:5003: $? = 0
configure:5041: result: yes
configure:5053: checking for snprintf
configure:5053: gcc -o conftest -g -O2  -I/usr/local/ssl/include   -L/usr/local/ssl/lib  conftest.c  >&5
conftest.c:70:6: warning: conflicting types for built-in function 'snprintf'
 char snprintf ();
      ^
configure:5053: $? = 0
configure:5053: result: yes
configure:5053: checking for vsnprintf
configure:5053: gcc -o conftest -g -O2  -I/usr/local/ssl/include   -L/usr/local/ssl/lib  conftest.c  >&5
conftest.c:71:6: warning: conflicting types for built-in function 'vsnprintf'
 char vsnprintf ();
      ^
configure:5053: $? = 0
configure:5053: result: yes
configure:5144: checking for sys/time.h
configure:5144: gcc -c -g -O2  -I/usr/local/ssl/include  conftest.c >&5
configure:5144: $? = 0
configure:5144: result: yes
configure:5144: checking for limits.h
configure:5144: gcc -c -g -O2  -I/usr/local/ssl/include  conftest.c >&5
configure:5144: $? = 0
configure:5144: result: yes
configure:5144: checking for sys/select.h
configure:5144: gcc -c -g -O2  -I/usr/local/ssl/include  conftest.c >&5
configure:5144: $? = 0
configure:5144: result: yes
configure:5144: checking for arpa/inet.h
configure:5144: gcc -c -g -O2  -I/usr/local/ssl/include  conftest.c >&5
configure:5144: $? = 0
configure:5144: result: yes
configure:5144: checking for libintl.h
configure:5144: gcc -c -g -O2  -I/usr/local/ssl/include  conftest.c >&5
configure:5144: $? = 0
configure:5144: result: yes
configure:5144: checking for signal.h
configure:5144: gcc -c -g -O2  -I/usr/local/ssl/include  conftest.c >&5
configure:5144: $? = 0
configure:5144: result: yes
configure:5144: checking for sys/socket.h
configure:5144: gcc -c -g -O2  -I/usr/local/ssl/include  conftest.c >&5
configure:5144: $? = 0
configure:5144: result: yes
configure:5144: checking for netinet/in.h
configure:5144: gcc -c -g -O2  -I/usr/local/ssl/include  conftest.c >&5
configure:5144: $? = 0
configure:5144: result: yes
configure:5144: checking for netinet/tcp.h
configure:5144: gcc -c -g -O2  -I/usr/local/ssl/include  conftest.c >&5
configure:5144: $? = 0
configure:5144: result: yes
configure:5144: checking for netdb.h
configure:5144: gcc -c -g -O2  -I/usr/local/ssl/include  conftest.c >&5
configure:5144: $? = 0
configure:5144: result: yes
configure:5144: checking for sys/poll.h
configure:5144: gcc -c -g -O2  -I/usr/local/ssl/include  conftest.c >&5
configure:5144: $? = 0
configure:5144: result: yes
configure:5144: checking for sys/limits.h
configure:5144: gcc -c -g -O2  -I/usr/local/ssl/include  conftest.c >&5
conftest.c:98:24: fatal error: sys/limits.h: No such file or directory
compilation terminated.
configure:5144: $? = 1
configure: failed program was:
| /* confdefs.h */
| #define PACKAGE_NAME "neon"
| #define PACKAGE_TARNAME "neon"
| #define PACKAGE_VERSION "0.30.1"
| #define PACKAGE_STRING "neon 0.30.1"
| #define PACKAGE_BUGREPORT "neon@lists.manyfish.co.uk"
| #define PACKAGE_URL ""
| #define _GNU_SOURCE 1
| #define NEON_IS_LIBRARY 1
| #define NEON_VERSION "0.30.1"
| #define NE_VERSION_MAJOR (0)
| #define NE_VERSION_MINOR (30)
| #define NE_VERSION_PATCH (1)
| #define STDC_HEADERS 1
| #define HAVE_SYS_TYPES_H 1
| #define HAVE_SYS_STAT_H 1
| #define HAVE_STDLIB_H 1
| #define HAVE_STRING_H 1
| #define HAVE_MEMORY_H 1
| #define HAVE_STRINGS_H 1
| #define HAVE_INTTYPES_H 1
| #define HAVE_STDINT_H 1
| #define HAVE_UNISTD_H 1
| #define __EXTENSIONS__ 1
| #define _ALL_SOURCE 1
| #define _GNU_SOURCE 1
| #define _POSIX_PTHREAD_SEMANTICS 1
| #define _TANDEM_SOURCE 1
| #define SIZEOF_INT 4
| #define SIZEOF_LONG 8
| #define SIZEOF_LONG_LONG 8
| #define HAVE_ERRNO_H 1
| #define HAVE_STDARG_H 1
| #define HAVE_STRING_H 1
| #define HAVE_STDLIB_H 1
| #define HAVE_SYS_UIO_H 1
| #define SIZEOF_SIZE_T 8
| #define NE_FMT_SIZE_T "lu"
| #define SIZEOF_OFF_T 8
| #define NE_FMT_OFF_T "ld"
| #define SIZEOF_SSIZE_T 8
| #define NE_FMT_SSIZE_T "ld"
| #define HAVE_DECL_STRERROR_R 1
| #define HAVE_STRERROR_R 1
| #define STRERROR_R_CHAR_P 1
| #define HAVE_SNPRINTF 1
| #define HAVE_VSNPRINTF 1
| #define HAVE_SYS_TIME_H 1
| #define HAVE_LIMITS_H 1
| #define HAVE_SYS_SELECT_H 1
| #define HAVE_ARPA_INET_H 1
| #define HAVE_LIBINTL_H 1
| #define HAVE_SIGNAL_H 1
| #define HAVE_SYS_SOCKET_H 1
| #define HAVE_NETINET_IN_H 1
| #define HAVE_NETINET_TCP_H 1
| #define HAVE_NETDB_H 1
| #define HAVE_SYS_POLL_H 1
| /* end confdefs.h.  */
| #include <stdio.h>
| #ifdef HAVE_SYS_TYPES_H
| # include <sys/types.h>
| #endif
| #ifdef HAVE_SYS_STAT_H
| # include <sys/stat.h>
| #endif
| #ifdef STDC_HEADERS
| # include <stdlib.h>
| # include <stddef.h>
| #else
| # ifdef HAVE_STDLIB_H
| #  include <stdlib.h>
| # endif
| #endif
| #ifdef HAVE_STRING_H
| # if !defined STDC_HEADERS && defined HAVE_MEMORY_H
| #  include <memory.h>
| # endif
| # include <string.h>
| #endif
| #ifdef HAVE_STRINGS_H
| # include <strings.h>
| #endif
| #ifdef HAVE_INTTYPES_H
| # include <inttypes.h>
| #endif
| #ifdef HAVE_STDINT_H
| # include <stdint.h>
| #endif
| #ifdef HAVE_UNISTD_H
| # include <unistd.h>
| #endif
| /* netinet/tcp.h requires netinet/in.h on some platforms. */
| #ifdef HAVE_NETINET_IN_H
| #include <netinet/in.h>
| #endif
| 
| #include <sys/limits.h>
configure:5144: result: no
configure:5144: checking for fcntl.h
configure:5144: gcc -c -g -O2  -I/usr/local/ssl/include  conftest.c >&5
configure:5144: $? = 0
configure:5144: result: yes
configure:5144: checking for iconv.h
configure:5144: gcc -c -g -O2  -I/usr/local/ssl/include  conftest.c >&5
configure:5144: $? = 0
configure:5144: result: yes
configure:5162: checking for timezone global
configure:5180: gcc -o conftest -g -O2  -I/usr/local/ssl/include   -L/usr/local/ssl/lib  conftest.c  >&5
configure:5180: $? = 0
configure:5188: result: yes
configure:5213: LFS support unnecessary, off_t is not 32-bit
configure:5219: checking for strtoll
configure:5219: gcc -o conftest -g -O2  -I/usr/local/ssl/include   -L/usr/local/ssl/lib  conftest.c  >&5
configure:5219: $? = 0
configure:5219: result: yes
configure:5431: checking for strcasecmp
configure:5431: gcc -o conftest -g -O2  -I/usr/local/ssl/include   -L/usr/local/ssl/lib  conftest.c  >&5
conftest.c:88:6: warning: conflicting types for built-in function 'strcasecmp'
 char strcasecmp ();
      ^
configure:5431: $? = 0
configure:5431: result: yes
configure:5449: checking for signal
configure:5449: gcc -o conftest -g -O2  -I/usr/local/ssl/include   -L/usr/local/ssl/lib  conftest.c  >&5
configure:5449: $? = 0
configure:5449: result: yes
configure:5449: checking for setvbuf
configure:5449: gcc -o conftest -g -O2  -I/usr/local/ssl/include   -L/usr/local/ssl/lib  conftest.c  >&5
configure:5449: $? = 0
configure:5449: result: yes
configure:5449: checking for setsockopt
configure:5449: gcc -o conftest -g -O2  -I/usr/local/ssl/include   -L/usr/local/ssl/lib  conftest.c  >&5
configure:5449: $? = 0
configure:5449: result: yes
configure:5449: checking for stpcpy
configure:5449: gcc -o conftest -g -O2  -I/usr/local/ssl/include   -L/usr/local/ssl/lib  conftest.c  >&5
conftest.c:92:6: warning: conflicting types for built-in function 'stpcpy'
 char stpcpy ();
      ^
configure:5449: $? = 0
configure:5449: result: yes
configure:5449: checking for poll
configure:5449: gcc -o conftest -g -O2  -I/usr/local/ssl/include   -L/usr/local/ssl/lib  conftest.c  >&5
configure:5449: $? = 0
configure:5449: result: yes
configure:5449: checking for fcntl
configure:5449: gcc -o conftest -g -O2  -I/usr/local/ssl/include   -L/usr/local/ssl/lib  conftest.c  >&5
configure:5449: $? = 0
configure:5449: result: yes
configure:5449: checking for getsockopt
configure:5449: gcc -o conftest -g -O2  -I/usr/local/ssl/include   -L/usr/local/ssl/lib  conftest.c  >&5
configure:5449: $? = 0
configure:5449: result: yes
configure:5466: checking whether stpcpy is declared
configure:5466: gcc -c -g -O2  -I/usr/local/ssl/include  conftest.c >&5
configure:5466: $? = 0
configure:5466: result: yes
configure:5489: checking for library containing socket
configure:5506: gcc -o conftest -g -O2  -I/usr/local/ssl/include   -L/usr/local/ssl/lib  conftest.c  >&5
conftest.c: In function 'main':
conftest.c:79:1: warning: implicit declaration of function 'socket' [-Wimplicit-function-declaration]
 socket();
 ^
configure:5506: $? = 0
configure:5543: result: none needed
configure:5561: checking for library containing getaddrinfo
configure:5578: gcc -o conftest -g -O2  -I/usr/local/ssl/include   -L/usr/local/ssl/lib  conftest.c  >&5
conftest.c: In function 'main':
conftest.c:79:1: warning: implicit declaration of function 'getaddrinfo' [-Wimplicit-function-declaration]
 getaddrinfo();
 ^
configure:5578: $? = 0
configure:5615: result: none needed
configure:5635: checking for gai_strerror
configure:5635: gcc -o conftest -g -O2  -I/usr/local/ssl/include   -L/usr/local/ssl/lib  conftest.c   >&5
configure:5635: $? = 0
configure:5635: result: yes
configure:5635: checking for getnameinfo
configure:5635: gcc -o conftest -g -O2  -I/usr/local/ssl/include   -L/usr/local/ssl/lib  conftest.c   >&5
configure:5635: $? = 0
configure:5635: result: yes
configure:5635: checking for inet_ntop
configure:5635: gcc -o conftest -g -O2  -I/usr/local/ssl/include   -L/usr/local/ssl/lib  conftest.c   >&5
configure:5635: $? = 0
configure:5635: result: yes
configure:5635: checking for inet_pton
configure:5635: gcc -o conftest -g -O2  -I/usr/local/ssl/include   -L/usr/local/ssl/lib  conftest.c   >&5
configure:5635: $? = 0
configure:5635: result: yes
configure:5689: IPv6 support is enabled
configure:5695: checking for working AI_ADDRCONFIG
configure:5718: gcc -o conftest -g -O2  -I/usr/local/ssl/include   -L/usr/local/ssl/lib  conftest.c  >&5
configure:5718: $? = 0
configure:5718: ./conftest
configure:5718: $? = 0
configure:5728: result: yes
configure:5926: checking for socklen_t
configure:5926: gcc -c -g -O2  -I/usr/local/ssl/include  conftest.c >&5
configure:5926: $? = 0
configure:5926: gcc -c -g -O2  -I/usr/local/ssl/include  conftest.c >&5
conftest.c: In function 'main':
conftest.c:94:24: error: expected expression before ')' token
 if (sizeof ((socklen_t)))
                        ^
configure:5926: $? = 1
configure: failed program was:
| /* confdefs.h */
| #define PACKAGE_NAME "neon"
| #define PACKAGE_TARNAME "neon"
| #define PACKAGE_VERSION "0.30.1"
| #define PACKAGE_STRING "neon 0.30.1"
| #define PACKAGE_BUGREPORT "neon@lists.manyfish.co.uk"
| #define PACKAGE_URL ""
| #define _GNU_SOURCE 1
| #define NEON_IS_LIBRARY 1
| #define NEON_VERSION "0.30.1"
| #define NE_VERSION_MAJOR (0)
| #define NE_VERSION_MINOR (30)
| #define NE_VERSION_PATCH (1)
| #define STDC_HEADERS 1
| #define HAVE_SYS_TYPES_H 1
| #define HAVE_SYS_STAT_H 1
| #define HAVE_STDLIB_H 1
| #define HAVE_STRING_H 1
| #define HAVE_MEMORY_H 1
| #define HAVE_STRINGS_H 1
| #define HAVE_INTTYPES_H 1
| #define HAVE_STDINT_H 1
| #define HAVE_UNISTD_H 1
| #define __EXTENSIONS__ 1
| #define _ALL_SOURCE 1
| #define _GNU_SOURCE 1
| #define _POSIX_PTHREAD_SEMANTICS 1
| #define _TANDEM_SOURCE 1
| #define SIZEOF_INT 4
| #define SIZEOF_LONG 8
| #define SIZEOF_LONG_LONG 8
| #define HAVE_ERRNO_H 1
| #define HAVE_STDARG_H 1
| #define HAVE_STRING_H 1
| #define HAVE_STDLIB_H 1
| #define HAVE_SYS_UIO_H 1
| #define SIZEOF_SIZE_T 8
| #define NE_FMT_SIZE_T "lu"
| #define SIZEOF_OFF_T 8
| #define NE_FMT_OFF_T "ld"
| #define SIZEOF_SSIZE_T 8
| #define NE_FMT_SSIZE_T "ld"
| #define HAVE_DECL_STRERROR_R 1
| #define HAVE_STRERROR_R 1
| #define STRERROR_R_CHAR_P 1
| #define HAVE_SNPRINTF 1
| #define HAVE_VSNPRINTF 1
| #define HAVE_SYS_TIME_H 1
| #define HAVE_LIMITS_H 1
| #define HAVE_SYS_SELECT_H 1
| #define HAVE_ARPA_INET_H 1
| #define HAVE_LIBINTL_H 1
| #define HAVE_SIGNAL_H 1
| #define HAVE_SYS_SOCKET_H 1
| #define HAVE_NETINET_IN_H 1
| #define HAVE_NETINET_TCP_H 1
| #define HAVE_NETDB_H 1
| #define HAVE_SYS_POLL_H 1
| #define HAVE_FCNTL_H 1
| #define HAVE_ICONV_H 1
| #define HAVE_TIMEZONE 1
| #define HAVE_STRTOLL 1
| #define NE_FMT_NE_OFF_T NE_FMT_OFF_T
| #define HAVE_STRCASECMP 1
| #define HAVE_SIGNAL 1
| #define HAVE_SETVBUF 1
| #define HAVE_SETSOCKOPT 1
| #define HAVE_STPCPY 1
| #define HAVE_POLL 1
| #define HAVE_FCNTL 1
| #define HAVE_GETSOCKOPT 1
| #define NE_USE_POLL 1
| #define HAVE_DECL_STPCPY 1
| #define HAVE_GAI_STRERROR 1
| #define HAVE_GETNAMEINFO 1
| #define HAVE_INET_NTOP 1
| #define HAVE_INET_PTON 1
| #define NE_HAVE_IPV6 1
| #define USE_GETADDRINFO 1
| #define USE_GAI_ADDRCONFIG 1
| /* end confdefs.h.  */
| 
| #ifdef HAVE_SYS_TYPES_H
| # include <sys/types.h>
| #endif
| #ifdef HAVE_SYS_SOCKET_H
| # include <sys/socket.h>
| #endif
| 
| 
| int
| main ()
| {
| if (sizeof ((socklen_t)))
| 	    return 0;
|   ;
|   return 0;
| }
configure:5926: result: yes
configure:5950: checking for struct tm.tm_gmtoff
configure:5950: gcc -c -g -O2  -I/usr/local/ssl/include  conftest.c >&5
configure:5950: $? = 0
configure:5950: result: yes
configure:5960: checking for struct tm.__tm_gmtoff
configure:5960: gcc -c -g -O2  -I/usr/local/ssl/include  conftest.c >&5
conftest.c: In function 'main':
conftest.c:90:12: error: 'struct tm' has no member named '__tm_gmtoff'
 if (ac_aggr.__tm_gmtoff)
            ^
configure:5960: $? = 1
configure: failed program was:
| /* confdefs.h */
| #define PACKAGE_NAME "neon"
| #define PACKAGE_TARNAME "neon"
| #define PACKAGE_VERSION "0.30.1"
| #define PACKAGE_STRING "neon 0.30.1"
| #define PACKAGE_BUGREPORT "neon@lists.manyfish.co.uk"
| #define PACKAGE_URL ""
| #define _GNU_SOURCE 1
| #define NEON_IS_LIBRARY 1
| #define NEON_VERSION "0.30.1"
| #define NE_VERSION_MAJOR (0)
| #define NE_VERSION_MINOR (30)
| #define NE_VERSION_PATCH (1)
| #define STDC_HEADERS 1
| #define HAVE_SYS_TYPES_H 1
| #define HAVE_SYS_STAT_H 1
| #define HAVE_STDLIB_H 1
| #define HAVE_STRING_H 1
| #define HAVE_MEMORY_H 1
| #define HAVE_STRINGS_H 1
| #define HAVE_INTTYPES_H 1
| #define HAVE_STDINT_H 1
| #define HAVE_UNISTD_H 1
| #define __EXTENSIONS__ 1
| #define _ALL_SOURCE 1
| #define _GNU_SOURCE 1
| #define _POSIX_PTHREAD_SEMANTICS 1
| #define _TANDEM_SOURCE 1
| #define SIZEOF_INT 4
| #define SIZEOF_LONG 8
| #define SIZEOF_LONG_LONG 8
| #define HAVE_ERRNO_H 1
| #define HAVE_STDARG_H 1
| #define HAVE_STRING_H 1
| #define HAVE_STDLIB_H 1
| #define HAVE_SYS_UIO_H 1
| #define SIZEOF_SIZE_T 8
| #define NE_FMT_SIZE_T "lu"
| #define SIZEOF_OFF_T 8
| #define NE_FMT_OFF_T "ld"
| #define SIZEOF_SSIZE_T 8
| #define NE_FMT_SSIZE_T "ld"
| #define HAVE_DECL_STRERROR_R 1
| #define HAVE_STRERROR_R 1
| #define STRERROR_R_CHAR_P 1
| #define HAVE_SNPRINTF 1
| #define HAVE_VSNPRINTF 1
| #define HAVE_SYS_TIME_H 1
| #define HAVE_LIMITS_H 1
| #define HAVE_SYS_SELECT_H 1
| #define HAVE_ARPA_INET_H 1
| #define HAVE_LIBINTL_H 1
| #define HAVE_SIGNAL_H 1
| #define HAVE_SYS_SOCKET_H 1
| #define HAVE_NETINET_IN_H 1
| #define HAVE_NETINET_TCP_H 1
| #define HAVE_NETDB_H 1
| #define HAVE_SYS_POLL_H 1
| #define HAVE_FCNTL_H 1
| #define HAVE_ICONV_H 1
| #define HAVE_TIMEZONE 1
| #define HAVE_STRTOLL 1
| #define NE_FMT_NE_OFF_T NE_FMT_OFF_T
| #define HAVE_STRCASECMP 1
| #define HAVE_SIGNAL 1
| #define HAVE_SETVBUF 1
| #define HAVE_SETSOCKOPT 1
| #define HAVE_STPCPY 1
| #define HAVE_POLL 1
| #define HAVE_FCNTL 1
| #define HAVE_GETSOCKOPT 1
| #define NE_USE_POLL 1
| #define HAVE_DECL_STPCPY 1
| #define HAVE_GAI_STRERROR 1
| #define HAVE_GETNAMEINFO 1
| #define HAVE_INET_NTOP 1
| #define HAVE_INET_PTON 1
| #define NE_HAVE_IPV6 1
| #define USE_GETADDRINFO 1
| #define USE_GAI_ADDRCONFIG 1
| #define HAVE_SOCKLEN_T 1
| #define HAVE_STRUCT_TM_TM_GMTOFF 1
| /* end confdefs.h.  */
| #include <time.h>
| 
| int
| main ()
| {
| static struct tm ac_aggr;
| if (ac_aggr.__tm_gmtoff)
| return 0;
|   ;
|   return 0;
| }
configure:5960: gcc -c -g -O2  -I/usr/local/ssl/include  conftest.c >&5
conftest.c: In function 'main':
conftest.c:90:19: error: 'struct tm' has no member named '__tm_gmtoff'
 if (sizeof ac_aggr.__tm_gmtoff)
                   ^
configure:5960: $? = 1
configure: failed program was:
| /* confdefs.h */
| #define PACKAGE_NAME "neon"
| #define PACKAGE_TARNAME "neon"
| #define PACKAGE_VERSION "0.30.1"
| #define PACKAGE_STRING "neon 0.30.1"
| #define PACKAGE_BUGREPORT "neon@lists.manyfish.co.uk"
| #define PACKAGE_URL ""
| #define _GNU_SOURCE 1
| #define NEON_IS_LIBRARY 1
| #define NEON_VERSION "0.30.1"
| #define NE_VERSION_MAJOR (0)
| #define NE_VERSION_MINOR (30)
| #define NE_VERSION_PATCH (1)
| #define STDC_HEADERS 1
| #define HAVE_SYS_TYPES_H 1
| #define HAVE_SYS_STAT_H 1
| #define HAVE_STDLIB_H 1
| #define HAVE_STRING_H 1
| #define HAVE_MEMORY_H 1
| #define HAVE_STRINGS_H 1
| #define HAVE_INTTYPES_H 1
| #define HAVE_STDINT_H 1
| #define HAVE_UNISTD_H 1
| #define __EXTENSIONS__ 1
| #define _ALL_SOURCE 1
| #define _GNU_SOURCE 1
| #define _POSIX_PTHREAD_SEMANTICS 1
| #define _TANDEM_SOURCE 1
| #define SIZEOF_INT 4
| #define SIZEOF_LONG 8
| #define SIZEOF_LONG_LONG 8
| #define HAVE_ERRNO_H 1
| #define HAVE_STDARG_H 1
| #define HAVE_STRING_H 1
| #define HAVE_STDLIB_H 1
| #define HAVE_SYS_UIO_H 1
| #define SIZEOF_SIZE_T 8
| #define NE_FMT_SIZE_T "lu"
| #define SIZEOF_OFF_T 8
| #define NE_FMT_OFF_T "ld"
| #define SIZEOF_SSIZE_T 8
| #define NE_FMT_SSIZE_T "ld"
| #define HAVE_DECL_STRERROR_R 1
| #define HAVE_STRERROR_R 1
| #define STRERROR_R_CHAR_P 1
| #define HAVE_SNPRINTF 1
| #define HAVE_VSNPRINTF 1
| #define HAVE_SYS_TIME_H 1
| #define HAVE_LIMITS_H 1
| #define HAVE_SYS_SELECT_H 1
| #define HAVE_ARPA_INET_H 1
| #define HAVE_LIBINTL_H 1
| #define HAVE_SIGNAL_H 1
| #define HAVE_SYS_SOCKET_H 1
| #define HAVE_NETINET_IN_H 1
| #define HAVE_NETINET_TCP_H 1
| #define HAVE_NETDB_H 1
| #define HAVE_SYS_POLL_H 1
| #define HAVE_FCNTL_H 1
| #define HAVE_ICONV_H 1
| #define HAVE_TIMEZONE 1
| #define HAVE_STRTOLL 1
| #define NE_FMT_NE_OFF_T NE_FMT_OFF_T
| #define HAVE_STRCASECMP 1
| #define HAVE_SIGNAL 1
| #define HAVE_SETVBUF 1
| #define HAVE_SETSOCKOPT 1
| #define HAVE_STPCPY 1
| #define HAVE_POLL 1
| #define HAVE_FCNTL 1
| #define HAVE_GETSOCKOPT 1
| #define NE_USE_POLL 1
| #define HAVE_DECL_STPCPY 1
| #define HAVE_GAI_STRERROR 1
| #define HAVE_GETNAMEINFO 1
| #define HAVE_INET_NTOP 1
| #define HAVE_INET_PTON 1
| #define NE_HAVE_IPV6 1
| #define USE_GETADDRINFO 1
| #define USE_GAI_ADDRCONFIG 1
| #define HAVE_SOCKLEN_T 1
| #define HAVE_STRUCT_TM_TM_GMTOFF 1
| /* end confdefs.h.  */
| #include <time.h>
| 
| int
| main ()
| {
| static struct tm ac_aggr;
| if (sizeof ac_aggr.__tm_gmtoff)
| return 0;
|   ;
|   return 0;
| }
configure:5960: result: no
configure:5989: checking zlib.h usability
configure:5989: gcc -c -g -O2  -I/usr/local/ssl/include  conftest.c >&5
conftest.c:117:18: fatal error: zlib.h: No such file or directory
compilation terminated.
configure:5989: $? = 1
configure: failed program was:
| /* confdefs.h */
| #define PACKAGE_NAME "neon"
| #define PACKAGE_TARNAME "neon"
| #define PACKAGE_VERSION "0.30.1"
| #define PACKAGE_STRING "neon 0.30.1"
| #define PACKAGE_BUGREPORT "neon@lists.manyfish.co.uk"
| #define PACKAGE_URL ""
| #define _GNU_SOURCE 1
| #define NEON_IS_LIBRARY 1
| #define NEON_VERSION "0.30.1"
| #define NE_VERSION_MAJOR (0)
| #define NE_VERSION_MINOR (30)
| #define NE_VERSION_PATCH (1)
| #define STDC_HEADERS 1
| #define HAVE_SYS_TYPES_H 1
| #define HAVE_SYS_STAT_H 1
| #define HAVE_STDLIB_H 1
| #define HAVE_STRING_H 1
| #define HAVE_MEMORY_H 1
| #define HAVE_STRINGS_H 1
| #define HAVE_INTTYPES_H 1
| #define HAVE_STDINT_H 1
| #define HAVE_UNISTD_H 1
| #define __EXTENSIONS__ 1
| #define _ALL_SOURCE 1
| #define _GNU_SOURCE 1
| #define _POSIX_PTHREAD_SEMANTICS 1
| #define _TANDEM_SOURCE 1
| #define SIZEOF_INT 4
| #define SIZEOF_LONG 8
| #define SIZEOF_LONG_LONG 8
| #define HAVE_ERRNO_H 1
| #define HAVE_STDARG_H 1
| #define HAVE_STRING_H 1
| #define HAVE_STDLIB_H 1
| #define HAVE_SYS_UIO_H 1
| #define SIZEOF_SIZE_T 8
| #define NE_FMT_SIZE_T "lu"
| #define SIZEOF_OFF_T 8
| #define NE_FMT_OFF_T "ld"
| #define SIZEOF_SSIZE_T 8
| #define NE_FMT_SSIZE_T "ld"
| #define HAVE_DECL_STRERROR_R 1
| #define HAVE_STRERROR_R 1
| #define STRERROR_R_CHAR_P 1
| #define HAVE_SNPRINTF 1
| #define HAVE_VSNPRINTF 1
| #define HAVE_SYS_TIME_H 1
| #define HAVE_LIMITS_H 1
| #define HAVE_SYS_SELECT_H 1
| #define HAVE_ARPA_INET_H 1
| #define HAVE_LIBINTL_H 1
| #define HAVE_SIGNAL_H 1
| #define HAVE_SYS_SOCKET_H 1
| #define HAVE_NETINET_IN_H 1
| #define HAVE_NETINET_TCP_H 1
| #define HAVE_NETDB_H 1
| #define HAVE_SYS_POLL_H 1
| #define HAVE_FCNTL_H 1
| #define HAVE_ICONV_H 1
| #define HAVE_TIMEZONE 1
| #define HAVE_STRTOLL 1
| #define NE_FMT_NE_OFF_T NE_FMT_OFF_T
| #define HAVE_STRCASECMP 1
| #define HAVE_SIGNAL 1
| #define HAVE_SETVBUF 1
| #define HAVE_SETSOCKOPT 1
| #define HAVE_STPCPY 1
| #define HAVE_POLL 1
| #define HAVE_FCNTL 1
| #define HAVE_GETSOCKOPT 1
| #define NE_USE_POLL 1
| #define HAVE_DECL_STPCPY 1
| #define HAVE_GAI_STRERROR 1
| #define HAVE_GETNAMEINFO 1
| #define HAVE_INET_NTOP 1
| #define HAVE_INET_PTON 1
| #define NE_HAVE_IPV6 1
| #define USE_GETADDRINFO 1
| #define USE_GAI_ADDRCONFIG 1
| #define HAVE_SOCKLEN_T 1
| #define HAVE_STRUCT_TM_TM_GMTOFF 1
| /* end confdefs.h.  */
| #include <stdio.h>
| #ifdef HAVE_SYS_TYPES_H
| # include <sys/types.h>
| #endif
| #ifdef HAVE_SYS_STAT_H
| # include <sys/stat.h>
| #endif
| #ifdef STDC_HEADERS
| # include <stdlib.h>
| # include <stddef.h>
| #else
| # ifdef HAVE_STDLIB_H
| #  include <stdlib.h>
| # endif
| #endif
| #ifdef HAVE_STRING_H
| # if !defined STDC_HEADERS && defined HAVE_MEMORY_H
| #  include <memory.h>
| # endif
| # include <string.h>
| #endif
| #ifdef HAVE_STRINGS_H
| # include <strings.h>
| #endif
| #ifdef HAVE_INTTYPES_H
| # include <inttypes.h>
| #endif
| #ifdef HAVE_STDINT_H
| # include <stdint.h>
| #endif
| #ifdef HAVE_UNISTD_H
| # include <unistd.h>
| #endif
| #include <zlib.h>
configure:5989: result: no
configure:5989: checking zlib.h presence
configure:5989: gcc -E  -I/usr/local/ssl/include  conftest.c
conftest.c:84:18: fatal error: zlib.h: No such file or directory
compilation terminated.
configure:5989: $? = 1
configure: failed program was:
| /* confdefs.h */
| #define PACKAGE_NAME "neon"
| #define PACKAGE_TARNAME "neon"
| #define PACKAGE_VERSION "0.30.1"
| #define PACKAGE_STRING "neon 0.30.1"
| #define PACKAGE_BUGREPORT "neon@lists.manyfish.co.uk"
| #define PACKAGE_URL ""
| #define _GNU_SOURCE 1
| #define NEON_IS_LIBRARY 1
| #define NEON_VERSION "0.30.1"
| #define NE_VERSION_MAJOR (0)
| #define NE_VERSION_MINOR (30)
| #define NE_VERSION_PATCH (1)
| #define STDC_HEADERS 1
| #define HAVE_SYS_TYPES_H 1
| #define HAVE_SYS_STAT_H 1
| #define HAVE_STDLIB_H 1
| #define HAVE_STRING_H 1
| #define HAVE_MEMORY_H 1
| #define HAVE_STRINGS_H 1
| #define HAVE_INTTYPES_H 1
| #define HAVE_STDINT_H 1
| #define HAVE_UNISTD_H 1
| #define __EXTENSIONS__ 1
| #define _ALL_SOURCE 1
| #define _GNU_SOURCE 1
| #define _POSIX_PTHREAD_SEMANTICS 1
| #define _TANDEM_SOURCE 1
| #define SIZEOF_INT 4
| #define SIZEOF_LONG 8
| #define SIZEOF_LONG_LONG 8
| #define HAVE_ERRNO_H 1
| #define HAVE_STDARG_H 1
| #define HAVE_STRING_H 1
| #define HAVE_STDLIB_H 1
| #define HAVE_SYS_UIO_H 1
| #define SIZEOF_SIZE_T 8
| #define NE_FMT_SIZE_T "lu"
| #define SIZEOF_OFF_T 8
| #define NE_FMT_OFF_T "ld"
| #define SIZEOF_SSIZE_T 8
| #define NE_FMT_SSIZE_T "ld"
| #define HAVE_DECL_STRERROR_R 1
| #define HAVE_STRERROR_R 1
| #define STRERROR_R_CHAR_P 1
| #define HAVE_SNPRINTF 1
| #define HAVE_VSNPRINTF 1
| #define HAVE_SYS_TIME_H 1
| #define HAVE_LIMITS_H 1
| #define HAVE_SYS_SELECT_H 1
| #define HAVE_ARPA_INET_H 1
| #define HAVE_LIBINTL_H 1
| #define HAVE_SIGNAL_H 1
| #define HAVE_SYS_SOCKET_H 1
| #define HAVE_NETINET_IN_H 1
| #define HAVE_NETINET_TCP_H 1
| #define HAVE_NETDB_H 1
| #define HAVE_SYS_POLL_H 1
| #define HAVE_FCNTL_H 1
| #define HAVE_ICONV_H 1
| #define HAVE_TIMEZONE 1
| #define HAVE_STRTOLL 1
| #define NE_FMT_NE_OFF_T NE_FMT_OFF_T
| #define HAVE_STRCASECMP 1
| #define HAVE_SIGNAL 1
| #define HAVE_SETVBUF 1
| #define HAVE_SETSOCKOPT 1
| #define HAVE_STPCPY 1
| #define HAVE_POLL 1
| #define HAVE_FCNTL 1
| #define HAVE_GETSOCKOPT 1
| #define NE_USE_POLL 1
| #define HAVE_DECL_STPCPY 1
| #define HAVE_GAI_STRERROR 1
| #define HAVE_GETNAMEINFO 1
| #define HAVE_INET_NTOP 1
| #define HAVE_INET_PTON 1
| #define NE_HAVE_IPV6 1
| #define USE_GETADDRINFO 1
| #define USE_GAI_ADDRCONFIG 1
| #define HAVE_SOCKLEN_T 1
| #define HAVE_STRUCT_TM_TM_GMTOFF 1
| /* end confdefs.h.  */
| #include <zlib.h>
configure:5989: result: no
configure:5989: checking for zlib.h
configure:5989: result: no
configure:6058: zlib header not found
configure:6076: checking whether to enable ACL support in neon
configure:6082: result: yes
configure:6122: checking for pkg-config
configure:6140: found /usr/bin/pkg-config
configure:6153: result: /usr/bin/pkg-config
configure:6335: checking for openssl pkg-config data
configure:6346: result: yes
configure:6353: using SSL library configuration from pkg-config
configure:6539: checking openssl/ssl.h usability
configure:6539: gcc -c -g -O2  -I/usr/local/ssl/include  -I/usr/local/ssl/include  conftest.c >&5
configure:6539: $? = 0
configure:6539: result: yes
configure:6539: checking openssl/ssl.h presence
configure:6539: gcc -E  -I/usr/local/ssl/include  -I/usr/local/ssl/include  conftest.c
configure:6539: $? = 0
configure:6539: result: yes
configure:6539: checking for openssl/ssl.h
configure:6539: result: yes
configure:6539: checking openssl/opensslv.h usability
configure:6539: gcc -c -g -O2  -I/usr/local/ssl/include  -I/usr/local/ssl/include  conftest.c >&5
configure:6539: $? = 0
configure:6539: result: yes
configure:6539: checking openssl/opensslv.h presence
configure:6539: gcc -E  -I/usr/local/ssl/include  -I/usr/local/ssl/include  conftest.c
configure:6539: $? = 0
configure:6539: result: yes
configure:6539: checking for openssl/opensslv.h
configure:6539: result: yes
configure:6554: checking OpenSSL version is >= 0.9.7
configure:6576: result: yes
configure:6579: OpenSSL >= 0.9.7; EGD support not needed in neon
configure:6588: SSL support enabled, using OpenSSL (0.9.7 or later)
configure:6597: checking for CRYPTO_set_idptr_callback
configure:6597: gcc -o conftest -g -O2  -I/usr/local/ssl/include  -I/usr/local/ssl/include   -L/usr/local/ssl/lib  conftest.c   -L/usr/local/ssl/lib -lssl -lcrypto  >&5
/tmp/ccq79ana.o: In function `main':
/home/ivan/workspace/WebDav/neon-0.30.1/conftest.c:121: undefined reference to `CRYPTO_set_idptr_callback'
collect2: error: ld returned 1 exit status
configure:6597: $? = 1
configure: failed program was:
| /* confdefs.h */
| #define PACKAGE_NAME "neon"
| #define PACKAGE_TARNAME "neon"
| #define PACKAGE_VERSION "0.30.1"
| #define PACKAGE_STRING "neon 0.30.1"
| #define PACKAGE_BUGREPORT "neon@lists.manyfish.co.uk"
| #define PACKAGE_URL ""
| #define _GNU_SOURCE 1
| #define NEON_IS_LIBRARY 1
| #define NEON_VERSION "0.30.1"
| #define NE_VERSION_MAJOR (0)
| #define NE_VERSION_MINOR (30)
| #define NE_VERSION_PATCH (1)
| #define STDC_HEADERS 1
| #define HAVE_SYS_TYPES_H 1
| #define HAVE_SYS_STAT_H 1
| #define HAVE_STDLIB_H 1
| #define HAVE_STRING_H 1
| #define HAVE_MEMORY_H 1
| #define HAVE_STRINGS_H 1
| #define HAVE_INTTYPES_H 1
| #define HAVE_STDINT_H 1
| #define HAVE_UNISTD_H 1
| #define __EXTENSIONS__ 1
| #define _ALL_SOURCE 1
| #define _GNU_SOURCE 1
| #define _POSIX_PTHREAD_SEMANTICS 1
| #define _TANDEM_SOURCE 1
| #define SIZEOF_INT 4
| #define SIZEOF_LONG 8
| #define SIZEOF_LONG_LONG 8
| #define HAVE_ERRNO_H 1
| #define HAVE_STDARG_H 1
| #define HAVE_STRING_H 1
| #define HAVE_STDLIB_H 1
| #define HAVE_SYS_UIO_H 1
| #define SIZEOF_SIZE_T 8
| #define NE_FMT_SIZE_T "lu"
| #define SIZEOF_OFF_T 8
| #define NE_FMT_OFF_T "ld"
| #define SIZEOF_SSIZE_T 8
| #define NE_FMT_SSIZE_T "ld"
| #define HAVE_DECL_STRERROR_R 1
| #define HAVE_STRERROR_R 1
| #define STRERROR_R_CHAR_P 1
| #define HAVE_SNPRINTF 1
| #define HAVE_VSNPRINTF 1
| #define HAVE_SYS_TIME_H 1
| #define HAVE_LIMITS_H 1
| #define HAVE_SYS_SELECT_H 1
| #define HAVE_ARPA_INET_H 1
| #define HAVE_LIBINTL_H 1
| #define HAVE_SIGNAL_H 1
| #define HAVE_SYS_SOCKET_H 1
| #define HAVE_NETINET_IN_H 1
| #define HAVE_NETINET_TCP_H 1
| #define HAVE_NETDB_H 1
| #define HAVE_SYS_POLL_H 1
| #define HAVE_FCNTL_H 1
| #define HAVE_ICONV_H 1
| #define HAVE_TIMEZONE 1
| #define HAVE_STRTOLL 1
| #define NE_FMT_NE_OFF_T NE_FMT_OFF_T
| #define HAVE_STRCASECMP 1
| #define HAVE_SIGNAL 1
| #define HAVE_SETVBUF 1
| #define HAVE_SETSOCKOPT 1
| #define HAVE_STPCPY 1
| #define HAVE_POLL 1
| #define HAVE_FCNTL 1
| #define HAVE_GETSOCKOPT 1
| #define NE_USE_POLL 1
| #define HAVE_DECL_STPCPY 1
| #define HAVE_GAI_STRERROR 1
| #define HAVE_GETNAMEINFO 1
| #define HAVE_INET_NTOP 1
| #define HAVE_INET_PTON 1
| #define NE_HAVE_IPV6 1
| #define USE_GETADDRINFO 1
| #define USE_GAI_ADDRCONFIG 1
| #define HAVE_SOCKLEN_T 1
| #define HAVE_STRUCT_TM_TM_GMTOFF 1
| #define HAVE_OPENSSL_SSL_H 1
| #define HAVE_OPENSSL_OPENSSLV_H 1
| #define NE_HAVE_SSL 1
| /* end confdefs.h.  */
| /* Define CRYPTO_set_idptr_callback to an innocuous variant, in case <limits.h> declares CRYPTO_set_idptr_callback.
|    For example, HP-UX 11i <limits.h> declares gettimeofday.  */
| #define CRYPTO_set_idptr_callback innocuous_CRYPTO_set_idptr_callback
| 
| /* System header to define __stub macros and hopefully few prototypes,
|     which can conflict with char CRYPTO_set_idptr_callback (); below.
|     Prefer <limits.h> to <assert.h> if __STDC__ is defined, since
|     <limits.h> exists even on freestanding compilers.  */
| 
| #ifdef __STDC__
| # include <limits.h>
| #else
| # include <assert.h>
| #endif
| 
| #undef CRYPTO_set_idptr_callback
| 
| /* Override any GCC internal prototype to avoid an error.
|    Use char because int might match the return type of a GCC
|    builtin and then its argument prototype would still apply.  */
| #ifdef __cplusplus
| extern "C"
| #endif
| char CRYPTO_set_idptr_callback ();
| /* The GNU C library defines this for functions which it implements
|     to always fail with ENOSYS.  Some functions are actually named
|     something starting with __ and the normal name is an alias.  */
| #if defined __stub_CRYPTO_set_idptr_callback || defined __stub___CRYPTO_set_idptr_callback
| choke me
| #endif
| 
| int
| main ()
| {
| return CRYPTO_set_idptr_callback ();
|   ;
|   return 0;
| }
configure:6597: result: no
configure:6597: checking for SSL_SESSION_cmp
configure:6597: gcc -o conftest -g -O2  -I/usr/local/ssl/include  -I/usr/local/ssl/include   -L/usr/local/ssl/lib  conftest.c   -L/usr/local/ssl/lib -lssl -lcrypto  >&5
/tmp/cc5p6Lpg.o: In function `main':
/home/ivan/workspace/WebDav/neon-0.30.1/conftest.c:121: undefined reference to `SSL_SESSION_cmp'
collect2: error: ld returned 1 exit status
configure:6597: $? = 1
configure: failed program was:
| /* confdefs.h */
| #define PACKAGE_NAME "neon"
| #define PACKAGE_TARNAME "neon"
| #define PACKAGE_VERSION "0.30.1"
| #define PACKAGE_STRING "neon 0.30.1"
| #define PACKAGE_BUGREPORT "neon@lists.manyfish.co.uk"
| #define PACKAGE_URL ""
| #define _GNU_SOURCE 1
| #define NEON_IS_LIBRARY 1
| #define NEON_VERSION "0.30.1"
| #define NE_VERSION_MAJOR (0)
| #define NE_VERSION_MINOR (30)
| #define NE_VERSION_PATCH (1)
| #define STDC_HEADERS 1
| #define HAVE_SYS_TYPES_H 1
| #define HAVE_SYS_STAT_H 1
| #define HAVE_STDLIB_H 1
| #define HAVE_STRING_H 1
| #define HAVE_MEMORY_H 1
| #define HAVE_STRINGS_H 1
| #define HAVE_INTTYPES_H 1
| #define HAVE_STDINT_H 1
| #define HAVE_UNISTD_H 1
| #define __EXTENSIONS__ 1
| #define _ALL_SOURCE 1
| #define _GNU_SOURCE 1
| #define _POSIX_PTHREAD_SEMANTICS 1
| #define _TANDEM_SOURCE 1
| #define SIZEOF_INT 4
| #define SIZEOF_LONG 8
| #define SIZEOF_LONG_LONG 8
| #define HAVE_ERRNO_H 1
| #define HAVE_STDARG_H 1
| #define HAVE_STRING_H 1
| #define HAVE_STDLIB_H 1
| #define HAVE_SYS_UIO_H 1
| #define SIZEOF_SIZE_T 8
| #define NE_FMT_SIZE_T "lu"
| #define SIZEOF_OFF_T 8
| #define NE_FMT_OFF_T "ld"
| #define SIZEOF_SSIZE_T 8
| #define NE_FMT_SSIZE_T "ld"
| #define HAVE_DECL_STRERROR_R 1
| #define HAVE_STRERROR_R 1
| #define STRERROR_R_CHAR_P 1
| #define HAVE_SNPRINTF 1
| #define HAVE_VSNPRINTF 1
| #define HAVE_SYS_TIME_H 1
| #define HAVE_LIMITS_H 1
| #define HAVE_SYS_SELECT_H 1
| #define HAVE_ARPA_INET_H 1
| #define HAVE_LIBINTL_H 1
| #define HAVE_SIGNAL_H 1
| #define HAVE_SYS_SOCKET_H 1
| #define HAVE_NETINET_IN_H 1
| #define HAVE_NETINET_TCP_H 1
| #define HAVE_NETDB_H 1
| #define HAVE_SYS_POLL_H 1
| #define HAVE_FCNTL_H 1
| #define HAVE_ICONV_H 1
| #define HAVE_TIMEZONE 1
| #define HAVE_STRTOLL 1
| #define NE_FMT_NE_OFF_T NE_FMT_OFF_T
| #define HAVE_STRCASECMP 1
| #define HAVE_SIGNAL 1
| #define HAVE_SETVBUF 1
| #define HAVE_SETSOCKOPT 1
| #define HAVE_STPCPY 1
| #define HAVE_POLL 1
| #define HAVE_FCNTL 1
| #define HAVE_GETSOCKOPT 1
| #define NE_USE_POLL 1
| #define HAVE_DECL_STPCPY 1
| #define HAVE_GAI_STRERROR 1
| #define HAVE_GETNAMEINFO 1
| #define HAVE_INET_NTOP 1
| #define HAVE_INET_PTON 1
| #define NE_HAVE_IPV6 1
| #define USE_GETADDRINFO 1
| #define USE_GAI_ADDRCONFIG 1
| #define HAVE_SOCKLEN_T 1
| #define HAVE_STRUCT_TM_TM_GMTOFF 1
| #define HAVE_OPENSSL_SSL_H 1
| #define HAVE_OPENSSL_OPENSSLV_H 1
| #define NE_HAVE_SSL 1
| /* end confdefs.h.  */
| /* Define SSL_SESSION_cmp to an innocuous variant, in case <limits.h> declares SSL_SESSION_cmp.
|    For example, HP-UX 11i <limits.h> declares gettimeofday.  */
| #define SSL_SESSION_cmp innocuous_SSL_SESSION_cmp
| 
| /* System header to define __stub macros and hopefully few prototypes,
|     which can conflict with char SSL_SESSION_cmp (); below.
|     Prefer <limits.h> to <assert.h> if __STDC__ is defined, since
|     <limits.h> exists even on freestanding compilers.  */
| 
| #ifdef __STDC__
| # include <limits.h>
| #else
| # include <assert.h>
| #endif
| 
| #undef SSL_SESSION_cmp
| 
| /* Override any GCC internal prototype to avoid an error.
|    Use char because int might match the return type of a GCC
|    builtin and then its argument prototype would still apply.  */
| #ifdef __cplusplus
| extern "C"
| #endif
| char SSL_SESSION_cmp ();
| /* The GNU C library defines this for functions which it implements
|     to always fail with ENOSYS.  Some functions are actually named
|     something starting with __ and the normal name is an alias.  */
| #if defined __stub_SSL_SESSION_cmp || defined __stub___SSL_SESSION_cmp
| choke me
| #endif
| 
| int
| main ()
| {
| return SSL_SESSION_cmp ();
|   ;
|   return 0;
| }
configure:6597: result: no
configure:7029: Thread-safe SSL not supported
configure:7365: libproxy support not enabled
configure:7439: checking build system type
configure:7453: result: x86_64-unknown-linux-gnu
configure:7473: checking host system type
configure:7486: result: x86_64-unknown-linux-gnu
configure:7527: checking how to print strings
configure:7554: result: printf
configure:7575: checking for a sed that does not truncate output
configure:7639: result: /usr/bin/sed
configure:7657: checking for fgrep
configure:7719: result: /usr/bin/grep -F
configure:7754: checking for ld used by gcc
configure:7821: result: /usr/bin/ld
configure:7828: checking if the linker (/usr/bin/ld) is GNU ld
configure:7843: result: yes
configure:7855: checking for BSD- or MS-compatible name lister (nm)
configure:7904: result: /usr/bin/nm -B
configure:8034: checking the name lister (/usr/bin/nm -B) interface
configure:8041: gcc -c -g -O2  -I/usr/local/ssl/include  -I/usr/local/ssl/include  conftest.c >&5
configure:8044: /usr/bin/nm -B "conftest.o"
configure:8047: output
0000000000000000 B some_variable
configure:8054: result: BSD nm
configure:8057: checking whether ln -s works
configure:8061: result: yes
configure:8069: checking the maximum length of command line arguments
configure:8199: result: 1572864
configure:8216: checking whether the shell understands some XSI constructs
configure:8226: result: yes
configure:8230: checking whether the shell understands "+="
configure:8236: result: yes
configure:8271: checking how to convert x86_64-unknown-linux-gnu file names to x86_64-unknown-linux-gnu format
configure:8311: result: func_convert_file_noop
configure:8318: checking how to convert x86_64-unknown-linux-gnu file names to toolchain format
configure:8338: result: func_convert_file_noop
configure:8345: checking for /usr/bin/ld option to reload object files
configure:8352: result: -r
configure:8426: checking for objdump
configure:8442: found /usr/bin/objdump
configure:8453: result: objdump
configure:8485: checking how to recognize dependent libraries
configure:8687: result: pass_all
configure:8772: checking for dlltool
configure:8802: result: no
configure:8832: checking how to associate runtime and link libraries
configure:8859: result: printf %s\n
configure:8919: checking for ar
configure:8935: found /usr/bin/ar
configure:8946: result: ar
configure:8983: checking for archiver @FILE support
configure:9000: gcc -c -g -O2  -I/usr/local/ssl/include  -I/usr/local/ssl/include  conftest.c >&5
configure:9000: $? = 0
configure:9003: ar cru libconftest.a @conftest.lst >&5
ar: `u' modifier ignored since `D' is the default (see `U')
configure:9006: $? = 0
configure:9011: ar cru libconftest.a @conftest.lst >&5
ar: `u' modifier ignored since `D' is the default (see `U')
ar: conftest.o: No such file or directory
configure:9014: $? = 1
configure:9026: result: @
configure:9084: checking for strip
configure:9100: found /usr/bin/strip
configure:9111: result: strip
configure:9183: checking for ranlib
configure:9199: found /usr/bin/ranlib
configure:9210: result: ranlib
configure:9287: checking for gawk
configure:9303: found /usr/bin/gawk
configure:9314: result: gawk
configure:9354: checking command to parse /usr/bin/nm -B output from gcc object
configure:9474: gcc -c -g -O2  -I/usr/local/ssl/include  -I/usr/local/ssl/include  conftest.c >&5
configure:9477: $? = 0
configure:9481: /usr/bin/nm -B conftest.o \| sed -n -e 's/^.*[ ]\([ABCDGIRSTW][ABCDGIRSTW]*\)[ ][ ]*\([_A-Za-z][_A-Za-z0-9]*\)$/\1 \2 \2/p' | sed '/ __gnu_lto/d' \> conftest.nm
configure:9484: $? = 0
configure:9550: gcc -o conftest -g -O2  -I/usr/local/ssl/include  -I/usr/local/ssl/include   -L/usr/local/ssl/lib  conftest.c conftstm.o >&5
configure:9553: $? = 0
configure:9591: result: ok
configure:9628: checking for sysroot
configure:9658: result: no
configure:9735: gcc -c -g -O2  -I/usr/local/ssl/include  -I/usr/local/ssl/include  conftest.c >&5
configure:9738: $? = 0
configure:9920: checking for mt
configure:9950: result: no
configure:9970: checking if : is a manifest tool
configure:9976: : '-?'
configure:9984: result: no
configure:10623: checking for dlfcn.h
configure:10623: gcc -c -g -O2  -I/usr/local/ssl/include  -I/usr/local/ssl/include  conftest.c >&5
configure:10623: $? = 0
configure:10623: result: yes
configure:10799: checking for objdir
configure:10814: result: .libs
configure:11081: checking if gcc supports -fno-rtti -fno-exceptions
configure:11099: gcc -c -g -O2  -I/usr/local/ssl/include  -I/usr/local/ssl/include  -fno-rtti -fno-exceptions conftest.c >&5
cc1: warning: command line option '-fno-rtti' is valid for C++/ObjC++ but not for C
configure:11103: $? = 0
configure:11116: result: no
configure:11443: checking for gcc option to produce PIC
configure:11450: result: -fPIC -DPIC
configure:11458: checking if gcc PIC flag -fPIC -DPIC works
configure:11476: gcc -c -g -O2  -I/usr/local/ssl/include  -I/usr/local/ssl/include  -fPIC -DPIC -DPIC conftest.c >&5
configure:11480: $? = 0
configure:11493: result: yes
configure:11522: checking if gcc static flag -static works
configure:11550: result: no
configure:11565: checking if gcc supports -c -o file.o
configure:11586: gcc -c -g -O2  -I/usr/local/ssl/include  -I/usr/local/ssl/include  -o out/conftest2.o conftest.c >&5
configure:11590: $? = 0
configure:11612: result: yes
configure:11620: checking if gcc supports -c -o file.o
configure:11667: result: yes
configure:11700: checking whether the gcc linker (/usr/bin/ld -m elf_x86_64) supports shared libraries
configure:12853: result: yes
configure:13093: checking dynamic linker characteristics
configure:13604: gcc -o conftest -g -O2  -I/usr/local/ssl/include  -I/usr/local/ssl/include   -L/usr/local/ssl/lib  -Wl,-rpath -Wl,/foo conftest.c  >&5
configure:13604: $? = 0
configure:13830: result: GNU/Linux ld.so
configure:13937: checking how to hardcode library paths into programs
configure:13962: result: immediate
configure:14502: checking whether stripping libraries is possible
configure:14507: result: yes
configure:14542: checking if libtool supports shared libraries
configure:14544: result: yes
configure:14547: checking whether to build shared libraries
configure:14568: result: no
configure:14571: checking whether to build static libraries
configure:14575: result: yes
configure:14625: checking size of time_t
configure:14630: gcc -o conftest -g -O2  -I/usr/local/ssl/include  -I/usr/local/ssl/include   -L/usr/local/ssl/lib  conftest.c  >&5
configure:14630: $? = 0
configure:14630: ./conftest
configure:14630: $? = 0
configure:14649: result: 8
configure:14664: checking how to print time_t
configure:14692: gcc -c -g -O2  -I/usr/local/ssl/include  -I/usr/local/ssl/include  -Wformat -Werror conftest.c >&5
conftest.c: In function 'main':
conftest.c:101:22: error: format '%d' expects argument of type 'int', but argument 2 has type 'time_t {aka long int}' [-Werror=format=]
 time_t i = 1; printf("%d", i);
                      ^
cc1: all warnings being treated as errors
configure:14692: $? = 1
configure: failed program was:
| /* confdefs.h */
| #define PACKAGE_NAME "neon"
| #define PACKAGE_TARNAME "neon"
| #define PACKAGE_VERSION "0.30.1"
| #define PACKAGE_STRING "neon 0.30.1"
| #define PACKAGE_BUGREPORT "neon@lists.manyfish.co.uk"
| #define PACKAGE_URL ""
| #define _GNU_SOURCE 1
| #define NEON_IS_LIBRARY 1
| #define NEON_VERSION "0.30.1"
| #define NE_VERSION_MAJOR (0)
| #define NE_VERSION_MINOR (30)
| #define NE_VERSION_PATCH (1)
| #define STDC_HEADERS 1
| #define HAVE_SYS_TYPES_H 1
| #define HAVE_SYS_STAT_H 1
| #define HAVE_STDLIB_H 1
| #define HAVE_STRING_H 1
| #define HAVE_MEMORY_H 1
| #define HAVE_STRINGS_H 1
| #define HAVE_INTTYPES_H 1
| #define HAVE_STDINT_H 1
| #define HAVE_UNISTD_H 1
| #define __EXTENSIONS__ 1
| #define _ALL_SOURCE 1
| #define _GNU_SOURCE 1
| #define _POSIX_PTHREAD_SEMANTICS 1
| #define _TANDEM_SOURCE 1
| #define SIZEOF_INT 4
| #define SIZEOF_LONG 8
| #define SIZEOF_LONG_LONG 8
| #define HAVE_ERRNO_H 1
| #define HAVE_STDARG_H 1
| #define HAVE_STRING_H 1
| #define HAVE_STDLIB_H 1
| #define HAVE_SYS_UIO_H 1
| #define SIZEOF_SIZE_T 8
| #define NE_FMT_SIZE_T "lu"
| #define SIZEOF_OFF_T 8
| #define NE_FMT_OFF_T "ld"
| #define SIZEOF_SSIZE_T 8
| #define NE_FMT_SSIZE_T "ld"
| #define HAVE_DECL_STRERROR_R 1
| #define HAVE_STRERROR_R 1
| #define STRERROR_R_CHAR_P 1
| #define HAVE_SNPRINTF 1
| #define HAVE_VSNPRINTF 1
| #define HAVE_SYS_TIME_H 1
| #define HAVE_LIMITS_H 1
| #define HAVE_SYS_SELECT_H 1
| #define HAVE_ARPA_INET_H 1
| #define HAVE_LIBINTL_H 1
| #define HAVE_SIGNAL_H 1
| #define HAVE_SYS_SOCKET_H 1
| #define HAVE_NETINET_IN_H 1
| #define HAVE_NETINET_TCP_H 1
| #define HAVE_NETDB_H 1
| #define HAVE_SYS_POLL_H 1
| #define HAVE_FCNTL_H 1
| #define HAVE_ICONV_H 1
| #define HAVE_TIMEZONE 1
| #define HAVE_STRTOLL 1
| #define NE_FMT_NE_OFF_T NE_FMT_OFF_T
| #define HAVE_STRCASECMP 1
| #define HAVE_SIGNAL 1
| #define HAVE_SETVBUF 1
| #define HAVE_SETSOCKOPT 1
| #define HAVE_STPCPY 1
| #define HAVE_POLL 1
| #define HAVE_FCNTL 1
| #define HAVE_GETSOCKOPT 1
| #define NE_USE_POLL 1
| #define HAVE_DECL_STPCPY 1
| #define HAVE_GAI_STRERROR 1
| #define HAVE_GETNAMEINFO 1
| #define HAVE_INET_NTOP 1
| #define HAVE_INET_PTON 1
| #define NE_HAVE_IPV6 1
| #define USE_GETADDRINFO 1
| #define USE_GAI_ADDRCONFIG 1
| #define HAVE_SOCKLEN_T 1
| #define HAVE_STRUCT_TM_TM_GMTOFF 1
| #define HAVE_OPENSSL_SSL_H 1
| #define HAVE_OPENSSL_OPENSSLV_H 1
| #define NE_HAVE_SSL 1
| #define HAVE_OPENSSL 1
| #define HAVE_NTLM 1
| #define HAVE_DLFCN_H 1
| #define LT_OBJDIR ".libs/"
| #define SIZEOF_TIME_T 8
| /* end confdefs.h.  */
| #include <sys/types.h>
| 
| #ifdef HAVE_SYS_TIME_H
| #include <sys/time.h>
| #endif
| #include <stdio.h>
| int
| main ()
| {
| time_t i = 1; printf("%d", i);
|   ;
|   return 0;
| }
configure:14692: gcc -c -g -O2  -I/usr/local/ssl/include  -I/usr/local/ssl/include  -Wformat -Werror conftest.c >&5
configure:14692: $? = 0
configure:14709: result: ld
configure:14723: checking for pid_t
configure:14723: gcc -c -g -O2  -I/usr/local/ssl/include  -I/usr/local/ssl/include  conftest.c >&5
configure:14723: $? = 0
configure:14723: gcc -c -g -O2  -I/usr/local/ssl/include  -I/usr/local/ssl/include  conftest.c >&5
conftest.c: In function 'main':
conftest.c:129:20: error: expected expression before ')' token
 if (sizeof ((pid_t)))
                    ^
configure:14723: $? = 1
configure: failed program was:
| /* confdefs.h */
| #define PACKAGE_NAME "neon"
| #define PACKAGE_TARNAME "neon"
| #define PACKAGE_VERSION "0.30.1"
| #define PACKAGE_STRING "neon 0.30.1"
| #define PACKAGE_BUGREPORT "neon@lists.manyfish.co.uk"
| #define PACKAGE_URL ""
| #define _GNU_SOURCE 1
| #define NEON_IS_LIBRARY 1
| #define NEON_VERSION "0.30.1"
| #define NE_VERSION_MAJOR (0)
| #define NE_VERSION_MINOR (30)
| #define NE_VERSION_PATCH (1)
| #define STDC_HEADERS 1
| #define HAVE_SYS_TYPES_H 1
| #define HAVE_SYS_STAT_H 1
| #define HAVE_STDLIB_H 1
| #define HAVE_STRING_H 1
| #define HAVE_MEMORY_H 1
| #define HAVE_STRINGS_H 1
| #define HAVE_INTTYPES_H 1
| #define HAVE_STDINT_H 1
| #define HAVE_UNISTD_H 1
| #define __EXTENSIONS__ 1
| #define _ALL_SOURCE 1
| #define _GNU_SOURCE 1
| #define _POSIX_PTHREAD_SEMANTICS 1
| #define _TANDEM_SOURCE 1
| #define SIZEOF_INT 4
| #define SIZEOF_LONG 8
| #define SIZEOF_LONG_LONG 8
| #define HAVE_ERRNO_H 1
| #define HAVE_STDARG_H 1
| #define HAVE_STRING_H 1
| #define HAVE_STDLIB_H 1
| #define HAVE_SYS_UIO_H 1
| #define SIZEOF_SIZE_T 8
| #define NE_FMT_SIZE_T "lu"
| #define SIZEOF_OFF_T 8
| #define NE_FMT_OFF_T "ld"
| #define SIZEOF_SSIZE_T 8
| #define NE_FMT_SSIZE_T "ld"
| #define HAVE_DECL_STRERROR_R 1
| #define HAVE_STRERROR_R 1
| #define STRERROR_R_CHAR_P 1
| #define HAVE_SNPRINTF 1
| #define HAVE_VSNPRINTF 1
| #define HAVE_SYS_TIME_H 1
| #define HAVE_LIMITS_H 1
| #define HAVE_SYS_SELECT_H 1
| #define HAVE_ARPA_INET_H 1
| #define HAVE_LIBINTL_H 1
| #define HAVE_SIGNAL_H 1
| #define HAVE_SYS_SOCKET_H 1
| #define HAVE_NETINET_IN_H 1
| #define HAVE_NETINET_TCP_H 1
| #define HAVE_NETDB_H 1
| #define HAVE_SYS_POLL_H 1
| #define HAVE_FCNTL_H 1
| #define HAVE_ICONV_H 1
| #define HAVE_TIMEZONE 1
| #define HAVE_STRTOLL 1
| #define NE_FMT_NE_OFF_T NE_FMT_OFF_T
| #define HAVE_STRCASECMP 1
| #define HAVE_SIGNAL 1
| #define HAVE_SETVBUF 1
| #define HAVE_SETSOCKOPT 1
| #define HAVE_STPCPY 1
| #define HAVE_POLL 1
| #define HAVE_FCNTL 1
| #define HAVE_GETSOCKOPT 1
| #define NE_USE_POLL 1
| #define HAVE_DECL_STPCPY 1
| #define HAVE_GAI_STRERROR 1
| #define HAVE_GETNAMEINFO 1
| #define HAVE_INET_NTOP 1
| #define HAVE_INET_PTON 1
| #define NE_HAVE_IPV6 1
| #define USE_GETADDRINFO 1
| #define USE_GAI_ADDRCONFIG 1
| #define HAVE_SOCKLEN_T 1
| #define HAVE_STRUCT_TM_TM_GMTOFF 1
| #define HAVE_OPENSSL_SSL_H 1
| #define HAVE_OPENSSL_OPENSSLV_H 1
| #define NE_HAVE_SSL 1
| #define HAVE_OPENSSL 1
| #define HAVE_NTLM 1
| #define HAVE_DLFCN_H 1
| #define LT_OBJDIR ".libs/"
| #define SIZEOF_TIME_T 8
| #define NE_FMT_TIME_T "ld"
| /* end confdefs.h.  */
| #include <stdio.h>
| #ifdef HAVE_SYS_TYPES_H
| # include <sys/types.h>
| #endif
| #ifdef HAVE_SYS_STAT_H
| # include <sys/stat.h>
| #endif
| #ifdef STDC_HEADERS
| # include <stdlib.h>
| # include <stddef.h>
| #else
| # ifdef HAVE_STDLIB_H
| #  include <stdlib.h>
| # endif
| #endif
| #ifdef HAVE_STRING_H
| # if !defined STDC_HEADERS && defined HAVE_MEMORY_H
| #  include <memory.h>
| # endif
| # include <string.h>
| #endif
| #ifdef HAVE_STRINGS_H
| # include <strings.h>
| #endif
| #ifdef HAVE_INTTYPES_H
| # include <inttypes.h>
| #endif
| #ifdef HAVE_STDINT_H
| # include <stdint.h>
| #endif
| #ifdef HAVE_UNISTD_H
| # include <unistd.h>
| #endif
| int
| main ()
| {
| if (sizeof ((pid_t)))
| 	    return 0;
|   ;
|   return 0;
| }
configure:14723: result: yes
configure:14734: checking whether time.h and sys/time.h may both be included
configure:14754: gcc -c -g -O2  -I/usr/local/ssl/include  -I/usr/local/ssl/include  conftest.c >&5
configure:14754: $? = 0
configure:14761: result: yes
configure:14819: checking for ar
configure:14837: found /usr/bin/ar
configure:14849: result: /usr/bin/ar
configure:14920: checking for ranlib
configure:14938: found /usr/bin/ranlib
configure:14950: result: /usr/bin/ranlib
configure:14987: checking for sys/time.h
configure:14987: result: yes
configure:14987: checking for signal.h
configure:14987: result: yes
configure:14987: checking for stdint.h
configure:14987: result: yes
configure:14987: checking locale.h usability
configure:14987: gcc -c -g -O2  -I/usr/local/ssl/include  -I/usr/local/ssl/include  conftest.c >&5
configure:14987: $? = 0
configure:14987: result: yes
configure:14987: checking locale.h presence
configure:14987: gcc -E  -I/usr/local/ssl/include  -I/usr/local/ssl/include  conftest.c
configure:14987: $? = 0
configure:14987: result: yes
configure:14987: checking for locale.h
configure:14987: result: yes
configure:15001: checking for pipe
configure:15001: gcc -o conftest -g -O2  -I/usr/local/ssl/include  -I/usr/local/ssl/include   -L/usr/local/ssl/lib  conftest.c  >&5
configure:15001: $? = 0
configure:15001: result: yes
configure:15001: checking for isatty
configure:15001: gcc -o conftest -g -O2  -I/usr/local/ssl/include  -I/usr/local/ssl/include   -L/usr/local/ssl/lib  conftest.c  >&5
configure:15001: $? = 0
configure:15001: result: yes
configure:15001: checking for usleep
configure:15001: gcc -o conftest -g -O2  -I/usr/local/ssl/include  -I/usr/local/ssl/include   -L/usr/local/ssl/lib  conftest.c  >&5
configure:15001: $? = 0
configure:15001: result: yes
configure:15001: checking for shutdown
configure:15001: gcc -o conftest -g -O2  -I/usr/local/ssl/include  -I/usr/local/ssl/include   -L/usr/local/ssl/lib  conftest.c  >&5
configure:15001: $? = 0
configure:15001: result: yes
configure:15001: checking for setlocale
configure:15001: gcc -o conftest -g -O2  -I/usr/local/ssl/include  -I/usr/local/ssl/include   -L/usr/local/ssl/lib  conftest.c  >&5
configure:15001: $? = 0
configure:15001: result: yes
configure:15001: checking for gethostname
configure:15001: gcc -o conftest -g -O2  -I/usr/local/ssl/include  -I/usr/local/ssl/include   -L/usr/local/ssl/lib  conftest.c  >&5
configure:15001: $? = 0
configure:15001: result: yes
configure:15059: WebDAV support is enabled
configure:15292: checking for xml2-config
configure:15308: found /usr/local/bin/xml2-config
configure:15319: result: xml2-config
configure:15339: checking libxml/xmlversion.h usability
configure:15339: gcc -c -g -O2  -I/usr/local/ssl/include  -I/usr/local/ssl/include  -I/usr/local/include/libxml2 conftest.c >&5
configure:15339: $? = 0
configure:15339: result: yes
configure:15339: checking libxml/xmlversion.h presence
configure:15339: gcc -E  -I/usr/local/ssl/include  -I/usr/local/ssl/include  -I/usr/local/include/libxml2 conftest.c
configure:15339: $? = 0
configure:15339: result: yes
configure:15339: checking for libxml/xmlversion.h
configure:15339: result: yes
configure:15339: checking libxml/parser.h usability
configure:15339: gcc -c -g -O2  -I/usr/local/ssl/include  -I/usr/local/ssl/include  -I/usr/local/include/libxml2 conftest.c >&5
configure:15339: $? = 0
configure:15339: result: yes
configure:15339: checking libxml/parser.h presence
configure:15339: gcc -E  -I/usr/local/ssl/include  -I/usr/local/ssl/include  -I/usr/local/include/libxml2 conftest.c
configure:15339: $? = 0
configure:15339: result: yes
configure:15339: checking for libxml/parser.h
configure:15339: result: yes
configure:15669: XML parser used: libxml 2.9.2
configure:15693: checking for library containing bindtextdomain
configure:15710: gcc -o conftest -g -O2  -I/usr/local/ssl/include  -I/usr/local/ssl/include  -I/usr/local/include/libxml2  -L/usr/local/ssl/lib  conftest.c  >&5
conftest.c: In function 'main':
conftest.c:112:1: warning: implicit declaration of function 'bindtextdomain' [-Wimplicit-function-declaration]
 bindtextdomain();
 ^
configure:15710: $? = 0
configure:15763: result: none needed
configure:15779: checking for bind_textdomain_codeset
configure:15779: gcc -o conftest -g -O2  -I/usr/local/ssl/include  -I/usr/local/ssl/include  -I/usr/local/include/libxml2  -L/usr/local/ssl/lib  conftest.c   -L/usr/local/ssl/lib -lssl -lcrypto  -L/usr/local/lib -lxml2 -lm -ldl >&5
configure:15779: $? = 0
configure:15779: result: yes
configure:15807: Internationalization support enabled
configure:15834: debugging is enabled
configure:15892: checking for openssl
configure:15910: found /usr/local/ssl/bin/openssl
configure:15923: result: /usr/local/ssl/bin/openssl
configure:15941: checking for certutil
configure:15959: found /usr/bin/certutil
configure:15972: result: /usr/bin/certutil
configure:15982: checking for pk12util
configure:16000: found /usr/bin/pk12util
configure:16013: result: /usr/bin/pk12util
configure:16048: checking for pkg-config
configure:16079: result: /usr/bin/pkg-config
configure:16112: checking if LD -Wl,--version-script works
configure:16130: gcc -o conftest -g -O2  -I/usr/local/ssl/include  -I/usr/local/ssl/include  -I/usr/local/include/libxml2 -I${top_builddir}  -L/usr/local/ssl/lib  -Wl,--version-script=conftest.map conftest.c  >&5
/usr/bin/ld:conftest.map:2: syntax error in VERSION script
collect2: error: ld returned 1 exit status
configure:16130: $? = 1
configure: failed program was:
| /* confdefs.h */
| #define PACKAGE_NAME "neon"
| #define PACKAGE_TARNAME "neon"
| #define PACKAGE_VERSION "0.30.1"
| #define PACKAGE_STRING "neon 0.30.1"
| #define PACKAGE_BUGREPORT "neon@lists.manyfish.co.uk"
| #define PACKAGE_URL ""
| #define _GNU_SOURCE 1
| #define NEON_IS_LIBRARY 1
| #define NEON_VERSION "0.30.1"
| #define NE_VERSION_MAJOR (0)
| #define NE_VERSION_MINOR (30)
| #define NE_VERSION_PATCH (1)
| #define STDC_HEADERS 1
| #define HAVE_SYS_TYPES_H 1
| #define HAVE_SYS_STAT_H 1
| #define HAVE_STDLIB_H 1
| #define HAVE_STRING_H 1
| #define HAVE_MEMORY_H 1
| #define HAVE_STRINGS_H 1
| #define HAVE_INTTYPES_H 1
| #define HAVE_STDINT_H 1
| #define HAVE_UNISTD_H 1
| #define __EXTENSIONS__ 1
| #define _ALL_SOURCE 1
| #define _GNU_SOURCE 1
| #define _POSIX_PTHREAD_SEMANTICS 1
| #define _TANDEM_SOURCE 1
| #define SIZEOF_INT 4
| #define SIZEOF_LONG 8
| #define SIZEOF_LONG_LONG 8
| #define HAVE_ERRNO_H 1
| #define HAVE_STDARG_H 1
| #define HAVE_STRING_H 1
| #define HAVE_STDLIB_H 1
| #define HAVE_SYS_UIO_H 1
| #define SIZEOF_SIZE_T 8
| #define NE_FMT_SIZE_T "lu"
| #define SIZEOF_OFF_T 8
| #define NE_FMT_OFF_T "ld"
| #define SIZEOF_SSIZE_T 8
| #define NE_FMT_SSIZE_T "ld"
| #define HAVE_DECL_STRERROR_R 1
| #define HAVE_STRERROR_R 1
| #define STRERROR_R_CHAR_P 1
| #define HAVE_SNPRINTF 1
| #define HAVE_VSNPRINTF 1
| #define HAVE_SYS_TIME_H 1
| #define HAVE_LIMITS_H 1
| #define HAVE_SYS_SELECT_H 1
| #define HAVE_ARPA_INET_H 1
| #define HAVE_LIBINTL_H 1
| #define HAVE_SIGNAL_H 1
| #define HAVE_SYS_SOCKET_H 1
| #define HAVE_NETINET_IN_H 1
| #define HAVE_NETINET_TCP_H 1
| #define HAVE_NETDB_H 1
| #define HAVE_SYS_POLL_H 1
| #define HAVE_FCNTL_H 1
| #define HAVE_ICONV_H 1
| #define HAVE_TIMEZONE 1
| #define HAVE_STRTOLL 1
| #define NE_FMT_NE_OFF_T NE_FMT_OFF_T
| #define HAVE_STRCASECMP 1
| #define HAVE_SIGNAL 1
| #define HAVE_SETVBUF 1
| #define HAVE_SETSOCKOPT 1
| #define HAVE_STPCPY 1
| #define HAVE_POLL 1
| #define HAVE_FCNTL 1
| #define HAVE_GETSOCKOPT 1
| #define NE_USE_POLL 1
| #define HAVE_DECL_STPCPY 1
| #define HAVE_GAI_STRERROR 1
| #define HAVE_GETNAMEINFO 1
| #define HAVE_INET_NTOP 1
| #define HAVE_INET_PTON 1
| #define NE_HAVE_IPV6 1
| #define USE_GETADDRINFO 1
| #define USE_GAI_ADDRCONFIG 1
| #define HAVE_SOCKLEN_T 1
| #define HAVE_STRUCT_TM_TM_GMTOFF 1
| #define HAVE_OPENSSL_SSL_H 1
| #define HAVE_OPENSSL_OPENSSLV_H 1
| #define NE_HAVE_SSL 1
| #define HAVE_OPENSSL 1
| #define HAVE_NTLM 1
| #define HAVE_DLFCN_H 1
| #define LT_OBJDIR ".libs/"
| #define SIZEOF_TIME_T 8
| #define NE_FMT_TIME_T "ld"
| #define TIME_WITH_SYS_TIME 1
| #define HAVE_SYS_TIME_H 1
| #define HAVE_SIGNAL_H 1
| #define HAVE_STDINT_H 1
| #define HAVE_LOCALE_H 1
| #define HAVE_PIPE 1
| #define HAVE_ISATTY 1
| #define HAVE_USLEEP 1
| #define HAVE_SHUTDOWN 1
| #define HAVE_SETLOCALE 1
| #define HAVE_GETHOSTNAME 1
| #define NE_HAVE_DAV 1
| #define HAVE_LIBXML 1
| #define HAVE_LIBXML_XMLVERSION_H 1
| #define HAVE_LIBXML_PARSER_H 1
| #define HAVE_BIND_TEXTDOMAIN_CODESET 1
| #define NE_HAVE_I18N 1
| #define LOCALEDIR "${prefix}/share/locale"
| #define NE_DEBUGGING 1
| /* end confdefs.h.  */
| 
| int
| main ()
| {
| 
|   ;
|   return 0;
| }
configure:16158: gcc -o conftest -g -O2  -I/usr/local/ssl/include  -I/usr/local/ssl/include  -I/usr/local/include/libxml2 -I${top_builddir}  -L/usr/local/ssl/lib  -Wl,--version-script=conftest.map conftest.c  >&5
configure:16158: $? = 0
configure:16170: result: yes
configure:16193: Using PIC for static library build
configure:16202: Private symbol suppression disabled for static library build
configure:16344: creating ./config.status

## ---------------------- ##
## Running config.status. ##
## ---------------------- ##

This file was extended by neon config.status 0.30.1, which was
generated by GNU Autoconf 2.69.  Invocation command line was

  CONFIG_FILES    = 
  CONFIG_HEADERS  = 
  CONFIG_LINKS    = 
  CONFIG_COMMANDS = 
  $ ./config.status 

on localhost.localdomain

config.status:1174: creating neon-config
config.status:1174: creating Makefile
config.status:1174: creating src/Makefile
config.status:1174: creating test/Makefile
config.status:1174: creating neon.pc
config.status:1174: creating test/makekeys
config.status:1174: creating config.h
config.status:1349: config.h is unchanged
config.status:1363: executing libtool commands
configure:18451: Configured to build neon 0.30.1:

  Install prefix:  /usr/local
  Compiler:        gcc
  XML Parser:      libxml 2.9.2
  SSL library:     SSL support enabled, using OpenSSL (0.9.7 or later)
  zlib support:    zlib header not found
  Build libraries: Shared=no, Static=yes


## ---------------- ##
## Cache variables. ##
## ---------------- ##

ac_cv_build=x86_64-unknown-linux-gnu
ac_cv_c_bigendian=no
ac_cv_c_compiler_gnu=yes
ac_cv_c_const=yes
ac_cv_c_inline=inline
ac_cv_env_CC_set=
ac_cv_env_CC_value=
ac_cv_env_CFLAGS_set=
ac_cv_env_CFLAGS_value=
ac_cv_env_CPPFLAGS_set=
ac_cv_env_CPPFLAGS_value=
ac_cv_env_CPP_set=
ac_cv_env_CPP_value=
ac_cv_env_LDFLAGS_set=
ac_cv_env_LDFLAGS_value=
ac_cv_env_LIBS_set=
ac_cv_env_LIBS_value=
ac_cv_env_build_alias_set=
ac_cv_env_build_alias_value=
ac_cv_env_host_alias_set=
ac_cv_env_host_alias_value=
ac_cv_env_target_alias_set=
ac_cv_env_target_alias_value=
ac_cv_func_CRYPTO_set_idptr_callback=no
ac_cv_func_SSL_SESSION_cmp=no
ac_cv_func_bind_textdomain_codeset=yes
ac_cv_func_fcntl=yes
ac_cv_func_gai_strerror=yes
ac_cv_func_gethostname=yes
ac_cv_func_getnameinfo=yes
ac_cv_func_getsockopt=yes
ac_cv_func_inet_ntop=yes
ac_cv_func_inet_pton=yes
ac_cv_func_isatty=yes
ac_cv_func_pipe=yes
ac_cv_func_poll=yes
ac_cv_func_setlocale=yes
ac_cv_func_setsockopt=yes
ac_cv_func_setvbuf=yes
ac_cv_func_shutdown=yes
ac_cv_func_signal=yes
ac_cv_func_snprintf=yes
ac_cv_func_stpcpy=yes
ac_cv_func_strcasecmp=yes
ac_cv_func_strerror_r=yes
ac_cv_func_strerror_r_char_p=yes
ac_cv_func_strtoll=yes
ac_cv_func_usleep=yes
ac_cv_func_vsnprintf=yes
ac_cv_have_decl_stpcpy=yes
ac_cv_have_decl_strerror_r=yes
ac_cv_header_arpa_inet_h=yes
ac_cv_header_dlfcn_h=yes
ac_cv_header_errno_h=yes
ac_cv_header_fcntl_h=yes
ac_cv_header_iconv_h=yes
ac_cv_header_inttypes_h=yes
ac_cv_header_libintl_h=yes
ac_cv_header_libxml_parser_h=yes
ac_cv_header_libxml_xmlversion_h=yes
ac_cv_header_limits_h=yes
ac_cv_header_locale_h=yes
ac_cv_header_memory_h=yes
ac_cv_header_minix_config_h=no
ac_cv_header_netdb_h=yes
ac_cv_header_netinet_in_h=yes
ac_cv_header_netinet_tcp_h=yes
ac_cv_header_openssl_opensslv_h=yes
ac_cv_header_openssl_ssl_h=yes
ac_cv_header_signal_h=yes
ac_cv_header_stdarg_h=yes
ac_cv_header_stdc=yes
ac_cv_header_stdint_h=yes
ac_cv_header_stdlib_h=yes
ac_cv_header_string_h=yes
ac_cv_header_strings_h=yes
ac_cv_header_sys_limits_h=no
ac_cv_header_sys_poll_h=yes
ac_cv_header_sys_select_h=yes
ac_cv_header_sys_socket_h=yes
ac_cv_header_sys_stat_h=yes
ac_cv_header_sys_time_h=yes
ac_cv_header_sys_types_h=yes
ac_cv_header_sys_uio_h=yes
ac_cv_header_time=yes
ac_cv_header_unistd_h=yes
ac_cv_header_zlib_h=no
ac_cv_host=x86_64-unknown-linux-gnu
ac_cv_member_struct_tm___tm_gmtoff=no
ac_cv_member_struct_tm_tm_gmtoff=yes
ac_cv_objext=o
ac_cv_path_CERTUTIL=/usr/bin/certutil
ac_cv_path_EGREP='/usr/bin/grep -E'
ac_cv_path_FGREP='/usr/bin/grep -F'
ac_cv_path_GREP=/usr/bin/grep
ac_cv_path_OPENSSL=/usr/local/ssl/bin/openssl
ac_cv_path_PK12UTIL=/usr/bin/pk12util
ac_cv_path_PKG_CONFIG=/usr/bin/pkg-config
ac_cv_path_SED=/usr/bin/sed
ac_cv_path_ac_pt_AR=/usr/bin/ar
ac_cv_path_ac_pt_RANLIB=/usr/bin/ranlib
ac_cv_path_install='/usr/bin/install -c'
ac_cv_prog_AWK=gawk
ac_cv_prog_CPP='gcc -E'
ac_cv_prog_XML2_CONFIG=xml2-config
ac_cv_prog_ac_ct_AR=ar
ac_cv_prog_ac_ct_CC=gcc
ac_cv_prog_ac_ct_OBJDUMP=objdump
ac_cv_prog_ac_ct_RANLIB=ranlib
ac_cv_prog_ac_ct_STRIP=strip
ac_cv_prog_cc_c89=
ac_cv_prog_cc_g=yes
ac_cv_prog_make_make_set=yes
ac_cv_safe_to_define___extensions__=yes
ac_cv_sizeof_int=4
ac_cv_sizeof_long=8
ac_cv_sizeof_long_long=8
ac_cv_sizeof_off_t=8
ac_cv_sizeof_size_t=8
ac_cv_sizeof_ssize_t=8
ac_cv_sizeof_time_t=8
ac_cv_type_off_t=yes
ac_cv_type_pid_t=yes
ac_cv_type_size_t=yes
ac_cv_type_socklen_t=yes
lt_cv_ar_at_file=@
lt_cv_deplibs_check_method=pass_all
lt_cv_file_magic_cmd='$MAGIC_CMD'
lt_cv_file_magic_test_file=
lt_cv_ld_reload_flag=-r
lt_cv_nm_interface='BSD nm'
lt_cv_objdir=.libs
lt_cv_path_LD=/usr/bin/ld
lt_cv_path_NM='/usr/bin/nm -B'
lt_cv_path_mainfest_tool=no
lt_cv_prog_compiler_c_o=yes
lt_cv_prog_compiler_pic='-fPIC -DPIC'
lt_cv_prog_compiler_pic_works=yes
lt_cv_prog_compiler_rtti_exceptions=no
lt_cv_prog_compiler_static_works=no
lt_cv_prog_gnu_ld=yes
lt_cv_sharedlib_from_linklib_cmd='printf %s\n'
lt_cv_shlibpath_overrides_runpath=no
lt_cv_sys_global_symbol_pipe='sed -n -e '\''s/^.*[	 ]\([ABCDGIRSTW][ABCDGIRSTW]*\)[	 ][	 ]*\([_A-Za-z][_A-Za-z0-9]*\)$/\1 \2 \2/p'\'' | sed '\''/ __gnu_lto/d'\'''
lt_cv_sys_global_symbol_to_c_name_address='sed -n -e '\''s/^: \([^ ]*\)[ ]*$/  {\"\1\", (void *) 0},/p'\'' -e '\''s/^[ABCDGIRSTW]* \([^ ]*\) \([^ ]*\)$/  {"\2", (void *) \&\2},/p'\'''
lt_cv_sys_global_symbol_to_c_name_address_lib_prefix='sed -n -e '\''s/^: \([^ ]*\)[ ]*$/  {\"\1\", (void *) 0},/p'\'' -e '\''s/^[ABCDGIRSTW]* \([^ ]*\) \(lib[^ ]*\)$/  {"\2", (void *) \&\2},/p'\'' -e '\''s/^[ABCDGIRSTW]* \([^ ]*\) \([^ ]*\)$/  {"lib\2", (void *) \&\2},/p'\'''
lt_cv_sys_global_symbol_to_cdecl='sed -n -e '\''s/^T .* \(.*\)$/extern int \1();/p'\'' -e '\''s/^[ABCDGIRSTW]* .* \(.*\)$/extern char \1;/p'\'''
lt_cv_sys_max_cmd_len=1572864
lt_cv_to_host_file_cmd=func_convert_file_noop
lt_cv_to_tool_file_cmd=func_convert_file_noop
ne_cv_cc_timezone=yes
ne_cv_cc_werror=yes
ne_cv_fmt_off_t=ld
ne_cv_fmt_size_t=lu
ne_cv_fmt_ssize_t=ld
ne_cv_fmt_time_t=ld
ne_cv_gai_addrconfig=yes
ne_cv_lib_ssl097=yes
ne_cv_libsfor_bindtextdomain='none needed'
ne_cv_libsfor_getaddrinfo='none needed'
ne_cv_libsfor_socket='none needed'
ne_cv_os_uname=Linux
ne_cv_pkg_openssl=yes

## ----------------- ##
## Output variables. ##
## ----------------- ##

ALLOW_INSTALL='yes'
ALL_LINGUAS='cs de fr ja nn pl ru tr zh_CN'
AR='/usr/bin/ar'
AWK='gawk'
CC='gcc'
CERTUTIL='/usr/bin/certutil'
CFLAGS='-g -O2 -prefer-pic'
CPP='gcc -E'
CPPFLAGS=' -I/usr/local/ssl/include  -I/usr/local/ssl/include  -I/usr/local/include/libxml2 -I${top_builddir} -DNE_PRIVATE=extern'
DEFS='-DHAVE_CONFIG_H'
DLLTOOL='false'
DSYMUTIL=''
DUMPBIN=''
ECHO_C=''
ECHO_N='-n'
ECHO_T=''
EGREP='/usr/bin/grep -E'
EXEEXT=''
FGREP='/usr/bin/grep -F'
GNUTLS_CONFIG=''
GREP='/usr/bin/grep'
HAVE_LD_VERSION_SCRIPT_FALSE='#'
HAVE_LD_VERSION_SCRIPT_TRUE=''
HELPERS=' $(SSL_HELPERS)'
INSTALL_DATA='${INSTALL} -m 644'
INSTALL_PROGRAM='${INSTALL}'
INSTALL_SCRIPT='${INSTALL}'
KRB5_CONFIG='none'
LD='/usr/bin/ld -m elf_x86_64'
LDFLAGS=' -L/usr/local/ssl/lib '
LIBOBJS=''
LIBS=''
LIBTOOL='$(SHELL) $(top_builddir)/libtool'
LIPO=''
LN_S='ln -s'
LTLIBOBJS=''
MANIFEST_TOOL=':'
NEONOBJS=' $(NEON_DAVOBJS)'
NEON_BUILD_BUNDLED='yes'
NEON_CFLAGS=''
NEON_EXTRAOBJS=' ne_oldacl.lo ne_acl3744.lo ne_openssl.lo'
NEON_LIBS=' -L/usr/local/ssl/lib -lssl -lcrypto  -L/usr/local/lib -lxml2 -lm -ldl'
NEON_LINK_FLAGS='-version-info 30:1:3 -Wl,--version-script=$(top_srcdir)/src/neon.vers'
NEON_LTLIBS=''
NEON_OBJEXT='lo'
NEON_PC_LIBS=''
NEON_SUPPORTS_SSL=''
NEON_TARGET='libneon.la'
NEON_VERSION='0.30.1'
NE_FLAG_DAV='yes'
NE_FLAG_I18N='yes'
NE_FLAG_IPV6='yes'
NE_FLAG_LFS='no'
NE_FLAG_LIBPXY='no'
NE_FLAG_SSL='yes'
NE_FLAG_TS_SSL='no'
NE_FLAG_ZLIB='no'
NM='/usr/bin/nm -B'
NMEDIT=''
OBJDUMP='objdump'
OBJEXT='o'
OPENSSL='/usr/local/ssl/bin/openssl'
OTOOL64=''
OTOOL=''
PACKAGE_BUGREPORT='neon@lists.manyfish.co.uk'
PACKAGE_NAME='neon'
PACKAGE_STRING='neon 0.30.1'
PACKAGE_TARNAME='neon'
PACKAGE_URL=''
PACKAGE_VERSION='0.30.1'
PATH_SEPARATOR=':'
PK12UTIL='/usr/bin/pk12util'
PKG_CONFIG='/usr/bin/pkg-config'
RANLIB='/usr/bin/ranlib'
SED='/usr/bin/sed'
SET_MAKE=''
SHELL='/bin/sh'
STRIP='strip'
TESTS='$(BASIC_TESTS) $(SSL_TESTS) $(DAV_TESTS)'
TEST_LDFLAGS='-no-install'
XML2_CONFIG='xml2-config'
ac_ct_AR='ar'
ac_ct_CC='gcc'
ac_ct_DUMPBIN=''
bindir='${exec_prefix}/bin'
build='x86_64-unknown-linux-gnu'
build_alias=''
build_cpu='x86_64'
build_os='linux-gnu'
build_vendor='unknown'
datadir='${datarootdir}'
datarootdir='${prefix}/share'
docdir='${datarootdir}/doc/${PACKAGE_TARNAME}'
dvidir='${docdir}'
exec_prefix='${prefix}'
host='x86_64-unknown-linux-gnu'
host_alias=''
host_cpu='x86_64'
host_os='linux-gnu'
host_vendor='unknown'
htmldir='${docdir}'
includedir='${prefix}/include'
infodir='${datarootdir}/info'
libdir='${exec_prefix}/lib'
libexecdir='${exec_prefix}/libexec'
localedir='${prefix}/share/locale'
localstatedir='${prefix}/var'
mandir='${datarootdir}/man'
oldincludedir='/usr/include'
pdfdir='${docdir}'
prefix='/usr/local'
program_transform_name='s,x,x,'
psdir='${docdir}'
sbindir='${exec_prefix}/sbin'
sharedstatedir='${prefix}/com'
sysconfdir='${prefix}/etc'
target_alias=''
top_builddir=''
user_LDFLAGS=' -L/usr/local/ssl/lib '

## ----------- ##
## confdefs.h. ##
## ----------- ##

/* confdefs.h */
#define PACKAGE_NAME "neon"
#define PACKAGE_TARNAME "neon"
#define PACKAGE_VERSION "0.30.1"
#define PACKAGE_STRING "neon 0.30.1"
#define PACKAGE_BUGREPORT "neon@lists.manyfish.co.uk"
#define PACKAGE_URL ""
#define _GNU_SOURCE 1
#define NEON_IS_LIBRARY 1
#define NEON_VERSION "0.30.1"
#define NE_VERSION_MAJOR (0)
#define NE_VERSION_MINOR (30)
#define NE_VERSION_PATCH (1)
#define STDC_HEADERS 1
#define HAVE_SYS_TYPES_H 1
#define HAVE_SYS_STAT_H 1
#define HAVE_STDLIB_H 1
#define HAVE_STRING_H 1
#define HAVE_MEMORY_H 1
#define HAVE_STRINGS_H 1
#define HAVE_INTTYPES_H 1
#define HAVE_STDINT_H 1
#define HAVE_UNISTD_H 1
#define __EXTENSIONS__ 1
#define _ALL_SOURCE 1
#define _GNU_SOURCE 1
#define _POSIX_PTHREAD_SEMANTICS 1
#define _TANDEM_SOURCE 1
#define SIZEOF_INT 4
#define SIZEOF_LONG 8
#define SIZEOF_LONG_LONG 8
#define HAVE_ERRNO_H 1
#define HAVE_STDARG_H 1
#define HAVE_STRING_H 1
#define HAVE_STDLIB_H 1
#define HAVE_SYS_UIO_H 1
#define SIZEOF_SIZE_T 8
#define NE_FMT_SIZE_T "lu"
#define SIZEOF_OFF_T 8
#define NE_FMT_OFF_T "ld"
#define SIZEOF_SSIZE_T 8
#define NE_FMT_SSIZE_T "ld"
#define HAVE_DECL_STRERROR_R 1
#define HAVE_STRERROR_R 1
#define STRERROR_R_CHAR_P 1
#define HAVE_SNPRINTF 1
#define HAVE_VSNPRINTF 1
#define HAVE_SYS_TIME_H 1
#define HAVE_LIMITS_H 1
#define HAVE_SYS_SELECT_H 1
#define HAVE_ARPA_INET_H 1
#define HAVE_LIBINTL_H 1
#define HAVE_SIGNAL_H 1
#define HAVE_SYS_SOCKET_H 1
#define HAVE_NETINET_IN_H 1
#define HAVE_NETINET_TCP_H 1
#define HAVE_NETDB_H 1
#define HAVE_SYS_POLL_H 1
#define HAVE_FCNTL_H 1
#define HAVE_ICONV_H 1
#define HAVE_TIMEZONE 1
#define HAVE_STRTOLL 1
#define NE_FMT_NE_OFF_T NE_FMT_OFF_T
#define HAVE_STRCASECMP 1
#define HAVE_SIGNAL 1
#define HAVE_SETVBUF 1
#define HAVE_SETSOCKOPT 1
#define HAVE_STPCPY 1
#define HAVE_POLL 1
#define HAVE_FCNTL 1
#define HAVE_GETSOCKOPT 1
#define NE_USE_POLL 1
#define HAVE_DECL_STPCPY 1
#define HAVE_GAI_STRERROR 1
#define HAVE_GETNAMEINFO 1
#define HAVE_INET_NTOP 1
#define HAVE_INET_PTON 1
#define NE_HAVE_IPV6 1
#define USE_GETADDRINFO 1
#define USE_GAI_ADDRCONFIG 1
#define HAVE_SOCKLEN_T 1
#define HAVE_STRUCT_TM_TM_GMTOFF 1
#define HAVE_OPENSSL_SSL_H 1
#define HAVE_OPENSSL_OPENSSLV_H 1
#define NE_HAVE_SSL 1
#define HAVE_OPENSSL 1
#define HAVE_NTLM 1
#define HAVE_DLFCN_H 1
#define LT_OBJDIR ".libs/"
#define SIZEOF_TIME_T 8
#define NE_FMT_TIME_T "ld"
#define TIME_WITH_SYS_TIME 1
#define HAVE_SYS_TIME_H 1
#define HAVE_SIGNAL_H 1
#define HAVE_STDINT_H 1
#define HAVE_LOCALE_H 1
#define HAVE_PIPE 1
#define HAVE_ISATTY 1
#define HAVE_USLEEP 1
#define HAVE_SHUTDOWN 1
#define HAVE_SETLOCALE 1
#define HAVE_GETHOSTNAME 1
#define NE_HAVE_DAV 1
#define HAVE_LIBXML 1
#define HAVE_LIBXML_XMLVERSION_H 1
#define HAVE_LIBXML_PARSER_H 1
#define HAVE_BIND_TEXTDOMAIN_CODESET 1
#define NE_HAVE_I18N 1
#define LOCALEDIR "${prefix}/share/locale"
#define NE_DEBUGGING 1

configure: exit 0
